Vivado Simulator 2019.1
Copyright 1986-1999, 2001-2019 Xilinx, Inc. All Rights Reserved.
Running: C:/Xilinx/Vivado/2019.1/bin/unwrapped/win64.o/xelab.exe -wto 33ea6e923f514e7787b121d498406404 --incr --debug typical --relax --mt 2 -L xil_defaultlib -L unisims_ver -L unimacro_ver -L secureip --snapshot tb_mips_top_behav xil_defaultlib.tb_mips_top xil_defaultlib.glbl -log elaborate.log 
Using 2 slave threads.
Starting static elaboration
WARNING: [VRFC 10-3091] actual bit length 1 differs from formal bit length 32 for port 'wd' [D:/Documents/School/CMPE 140/CMPE140Labs/Lab7/Code/140_lab7/140_Lab7.srcs/sources_1/imports/single_cycle_mips_source_initial/datapath/datapath.v:107]
WARNING: [VRFC 10-3091] actual bit length 1 differs from formal bit length 32 for port 'y' [D:/Documents/School/CMPE 140/CMPE140Labs/Lab7/Code/140_lab7/140_Lab7.srcs/sources_1/imports/single_cycle_mips_source_initial/datapath/datapath.v:202]
WARNING: [VRFC 10-3091] actual bit length 1 differs from formal bit length 32 for port 'a' [D:/Documents/School/CMPE 140/CMPE140Labs/Lab7/Code/140_lab7/140_Lab7.srcs/sources_1/imports/single_cycle_mips_source_initial/datapath/datapath.v:206]
WARNING: [VRFC 10-3091] actual bit length 1 differs from formal bit length 32 for port 'y' [D:/Documents/School/CMPE 140/CMPE140Labs/Lab7/Code/140_lab7/140_Lab7.srcs/sources_1/imports/single_cycle_mips_source_initial/datapath/datapath.v:208]
WARNING: [VRFC 10-3091] actual bit length 1 differs from formal bit length 32 for port 'a' [D:/Documents/School/CMPE 140/CMPE140Labs/Lab7/Code/140_lab7/140_Lab7.srcs/sources_1/imports/single_cycle_mips_source_initial/datapath/datapath.v:212]
WARNING: [VRFC 10-3091] actual bit length 1 differs from formal bit length 32 for port 'y' [D:/Documents/School/CMPE 140/CMPE140Labs/Lab7/Code/140_lab7/140_Lab7.srcs/sources_1/imports/single_cycle_mips_source_initial/datapath/datapath.v:214]
Completed static elaboration
Starting simulation data flow analysis
WARNING: [XSIM 43-4099] "D:/Documents/School/CMPE 140/CMPE140Labs/Lab7/Code/140_lab7/140_Lab7.srcs/sources_1/imports/single_cycle_mips_source_initial/datapath/datapath.v" Line 1. Module datapath doesn't have a timescale but at least one module in design has a timescale.
WARNING: [XSIM 43-4099] "D:/Documents/School/CMPE 140/CMPE140Labs/Lab7/Code/140_lab7/140_Lab7.srcs/sources_1/imports/single_cycle_mips_source_initial/datapath/dreg.v" Line 1. Module dreg doesn't have a timescale but at least one module in design has a timescale.
WARNING: [XSIM 43-4099] "D:/Documents/School/CMPE 140/CMPE140Labs/Lab7/Code/140_lab7/140_Lab7.srcs/sources_1/imports/single_cycle_mips_source_initial/datapath/adder.v" Line 1. Module adder doesn't have a timescale but at least one module in design has a timescale.
WARNING: [XSIM 43-4099] "D:/Documents/School/CMPE 140/CMPE140Labs/Lab7/Code/140_lab7/140_Lab7.srcs/sources_1/imports/single_cycle_mips_source_initial/datapath/adder.v" Line 1. Module adder doesn't have a timescale but at least one module in design has a timescale.
WARNING: [XSIM 43-4099] "D:/Documents/School/CMPE 140/CMPE140Labs/Lab7/Code/140_lab7/140_Lab7.srcs/sources_1/imports/single_cycle_mips_source_initial/datapath/alu.v" Line 1. Module alu doesn't have a timescale but at least one module in design has a timescale.
WARNING: [XSIM 43-4099] "D:/Documents/School/CMPE 140/CMPE140Labs/Lab7/Code/140_lab7/140_Lab7.srcs/sources_1/imports/single_cycle_mips_source_initial/control_unit/controlunit.v" Line 1. Module controlunit doesn't have a timescale but at least one module in design has a timescale.
WARNING: [XSIM 43-4099] "D:/Documents/School/CMPE 140/CMPE140Labs/Lab7/Code/140_lab7/140_Lab7.srcs/sources_1/imports/single_cycle_mips_source_initial/control_unit/auxdec.v" Line 1. Module auxdec doesn't have a timescale but at least one module in design has a timescale.
WARNING: [XSIM 43-4099] "D:/Documents/School/CMPE 140/CMPE140Labs/Lab7/Code/140_lab7/140_Lab7.srcs/sources_1/imports/single_cycle_mips_source_initial/memory/imem.v" Line 1. Module imem doesn't have a timescale but at least one module in design has a timescale.
WARNING: [XSIM 43-4099] "D:/Documents/School/CMPE 140/CMPE140Labs/Lab7/Code/140_lab7/140_Lab7.srcs/sources_1/imports/single_cycle_mips_source_initial/memory/dmem.v" Line 1. Module dmem doesn't have a timescale but at least one module in design has a timescale.
Completed simulation data flow analysis
Time Resolution for simulation is 1ps
Compiling module xil_defaultlib.dreg
Compiling module xil_defaultlib.adder
Compiling module xil_defaultlib.mux2(WIDTH=32)
Compiling module xil_defaultlib.jmux(WIDTH=32)
Compiling module xil_defaultlib.mux2(WIDTH=5)
Compiling module xil_defaultlib.regfile
Compiling module xil_defaultlib.signext
Compiling module xil_defaultlib.alu
Compiling module xil_defaultlib.multu
Compiling module xil_defaultlib.shifter
Compiling module xil_defaultlib.sp_reg
Compiling module xil_defaultlib.datapath
Compiling module xil_defaultlib.maindec
Compiling module xil_defaultlib.auxdec
Compiling module xil_defaultlib.controlunit
Compiling module xil_defaultlib.mips
Compiling module xil_defaultlib.imem
Compiling module xil_defaultlib.dmem
Compiling module xil_defaultlib.mips_top
Compiling module xil_defaultlib.tb_mips_top
Compiling module xil_defaultlib.glbl
Built simulation snapshot tb_mips_top_behav
