#-----------------------------------------------------------
# Vivado v2018.2 (64-bit)
# SW Build 2258646 on Thu Jun 14 20:03:12 MDT 2018
# IP Build 2256618 on Thu Jun 14 22:10:49 MDT 2018
# Start of session at: Mon Feb 10 01:28:35 2020
# Process ID: 27816
# Current directory: D:/Documents HDD/School/CMPE 140/CMPE140Labs
# Command line: vivado.exe -gui_launcher_event rodinguilauncherevent31928 D:\Documents HDD\School\CMPE 140\CMPE140Labs\Lab1_N_FACT2.xpr
# Log file: D:/Documents HDD/School/CMPE 140/CMPE140Labs/vivado.log
# Journal file: D:/Documents HDD/School/CMPE 140/CMPE140Labs\vivado.jou
#-----------------------------------------------------------
start_gui
open_project {D:/Documents HDD/School/CMPE 140/CMPE140Labs/Lab1_N_FACT2.xpr}
INFO: [Project 1-313] Project file moved from 'D:/Documents HDD/School/CMPE 140/Labs/Lab1_N_FACT2' since last save.
Scanning sources...
Finished scanning sources
INFO: [IP_Flow 19-234] Refreshing IP repositories
INFO: [IP_Flow 19-1704] No user IP repositories specified
INFO: [IP_Flow 19-2313] Loaded Vivado IP repository 'D:/Xilinx/Vivado/2018.2/data/ip'.
update_compile_order -fileset sources_1
