#
# A fatal error has been detected by the Java Runtime Environment:
#
#  EXCEPTION_ACCESS_VIOLATION (0xc0000005) at pc=0x00007ff8a4f03370, pid=14988, tid=2144
#
# JRE version: Java(TM) SE Runtime Environment (9.0+11) (build 9.0.4+11)
# Java VM: Java HotSpot(TM) 64-Bit Server VM (9.0.4+11, mixed mode, tiered, compressed oops, g1 gc, windows-amd64)
# Problematic frame:
# C  0x00007ff8a4f03370
#
# No core dump will be written. Minidumps are not enabled by default on client versions of Windows
#
# If you would like to submit a bug report, please visit:
#   http://bugreport.java.com/bugreport/crash.jsp
# The crash happened outside the Java Virtual Machine in native code.
# See problematic frame for where to report the bug.
#

---------------  S U M M A R Y ------------

Command Line: -Dsun.java2d.pmoffscreen=false -Dsun.java2d.xrender=false -Dsun.java2d.d3d=false -Dsun.awt.nopixfmt=true -Dsun.java2d.dpiaware=true -Dsun.java2d.uiScale.enabled=false -Xverify:none -Dswing.aatext=true -XX:-UsePerfData -Djdk.map.althashing.threshold=512 -XX:StringTableSize=4072 --add-opens=java.base/java.nio=ALL-UNNAMED --add-opens=java.desktop/sun.swing=ALL-UNNAMED --add-opens=java.desktop/javax.swing=ALL-UNNAMED --add-opens=java.desktop/javax.swing.tree=ALL-UNNAMED --add-opens=java.desktop/javax.swing.plaf.basic=ALL-UNNAMED --add-opens=java.desktop/javax.swing.plaf.synth=ALL-UNNAMED --add-opens=java.desktop/com.sun.awt=ALL-UNNAMED -XX:NewSize=60m -XX:MaxNewSize=60m -Xms128m -Xmx3072m -Xss5m 

Host: Intel(R) Core(TM) i5-7300HQ CPU @ 2.50GHz, 4 cores, 7G,  Windows 10 , 64 bit Build 18362 (10.0.18362.778)
Time: Sun Apr 26 21:18:06 2020 Pacific Daylight Time elapsed time: 8829 seconds (0d 2h 27m 9s)

---------------  T H R E A D  ---------------

Current thread (0x00000203d970c000):  JavaThread "AWT-EventQueue-1" [_thread_in_native, id=2144, stack(0x000000bdb0400000,0x000000bdb0900000)]

Stack: [0x000000bdb0400000,0x000000bdb0900000],  sp=0x000000bdb08f3f08,  free space=5071k
Native frames: (J=compiled Java code, j=interpreted, Vv=VM code, C=native code)
C  0x00007ff8a4f03370

Java frames: (J=compiled Java code, j=interpreted, Vv=VM code)
j  ui.views.waveform.waveformi.WVExecutive_getGraphicsDataSize(J)J+0
j  ui.views.waveform.executive.a.gEt()Ljava/io/ByteArrayInputStream;+8
j  ui.views.waveform.b.a.gEf()V+7
j  ui.views.waveform.b.a.fOl()V+1
j  ui.views.waveform.m.gDo()V+4
j  ui.views.waveform.m.cRi()V+11
j  ui.views.waveform.w.cRi()V+29
j  ui.views.waveform.c.b.j(Lui/frmwork/b/i;)V+92
j  ui.views.waveform.w.a(Lui/frmwork/b/i;)V+13
J 24241 c1 ui.frmwork.b.l.d(Lui/frmwork/b/i;)V (61 bytes) @ 0x00000203c6564e1c [0x00000203c65645c0+0x000000000000085c]
J 22243 c1 ui.frmwork.HTclEventBroker.i(JZ)V (471 bytes) @ 0x00000203c5dadc2c [0x00000203c5da9440+0x00000000000047ec]
J 23881 c1 ui.frmwork.HTclEventBroker.fireTclEvent(J)I (113 bytes) @ 0x00000203c61951cc [0x00000203c61949c0+0x000000000000080c]
v  ~StubRoutines::call_stub
j  ui.views.waveform.waveformi.WVExecutive_processModelEvent(JJ)V+0
j  ui.views.waveform.executive.a.eE(J)V+5
j  ui.views.waveform.c.b.eD(J)V+8
j  ui.views.waveform.c.b.j(Lui/frmwork/b/i;)V+133
j  ui.views.waveform.w.a(Lui/frmwork/b/i;)V+13
J 24241 c1 ui.frmwork.b.l.d(Lui/frmwork/b/i;)V (61 bytes) @ 0x00000203c6564e1c [0x00000203c65645c0+0x000000000000085c]
J 22243 c1 ui.frmwork.HTclEventBroker.i(JZ)V (471 bytes) @ 0x00000203c5dadc2c [0x00000203c5da9440+0x00000000000047ec]
J 23881 c1 ui.frmwork.HTclEventBroker.fireTclEvent(J)I (113 bytes) @ 0x00000203c61951cc [0x00000203c61949c0+0x000000000000080c]
v  ~StubRoutines::call_stub
j  ui.views.waveform.waveformi.WVExecutive_processModelEvent(JJ)V+0
j  ui.views.waveform.executive.a.eE(J)V+5
j  ui.views.waveform.c.b.eD(J)V+8
j  ui.views.waveform.c.e.actionPerformed(Ljava/awt/event/ActionEvent;)V+8
J 17865 c2 javax.swing.Timer.fireActionPerformed(Ljava/awt/event/ActionEvent;)V java.desktop@9.0.4 (46 bytes) @ 0x00000203cc0768d8 [0x00000203cc0767c0+0x0000000000000118]
J 24394 c2 javax.swing.Timer$DoPostEvent.run()V java.desktop@9.0.4 (82 bytes) @ 0x00000203cca2e86c [0x00000203cca2e560+0x000000000000030c]
J 15876 c2 java.awt.EventQueue$3.run()Ljava/lang/Object; java.desktop@9.0.4 (5 bytes) @ 0x00000203cbda2904 [0x00000203cbda2800+0x0000000000000104]
v  ~StubRoutines::call_stub
J 3855  java.security.AccessController.doPrivileged(Ljava/security/PrivilegedAction;Ljava/security/AccessControlContext;)Ljava/lang/Object; java.base@9.0.4 (0 bytes) @ 0x00000203cb2bf246 [0x00000203cb2bf1e0+0x0000000000000066]
J 13584 c2 ui.frmwork.b.d.dispatchEvent(Ljava/awt/AWTEvent;)V (34 bytes) @ 0x00000203cbaa488c [0x00000203cbaa31c0+0x00000000000016cc]
J 13590 c2 java.awt.EventDispatchThread.pumpOneEventForFilters(I)V java.desktop@9.0.4 (218 bytes) @ 0x00000203cbabaf14 [0x00000203cbabaa40+0x00000000000004d4]
J 23054 c2 java.awt.EventDispatchThread.pumpEventsForFilter(ILjava/awt/Conditional;Ljava/awt/EventFilter;)V java.desktop@9.0.4 (47 bytes) @ 0x00000203cc16868c [0x00000203cc1684e0+0x00000000000001ac]
j  java.awt.EventDispatchThread.pumpEventsForFilter(Ljava/awt/Conditional;Ljava/awt/EventFilter;)V+4 java.desktop@9.0.4
j  java.awt.WaitDispatchSupport$2.run()V+59 java.desktop@9.0.4
j  java.awt.WaitDispatchSupport$4.run()Ljava/lang/Void;+4 java.desktop@9.0.4
j  java.awt.WaitDispatchSupport$4.run()Ljava/lang/Object;+1 java.desktop@9.0.4
v  ~StubRoutines::call_stub
J 1041  java.security.AccessController.doPrivileged(Ljava/security/PrivilegedAction;)Ljava/lang/Object; java.base@9.0.4 (0 bytes) @ 0x00000203cb148932 [0x00000203cb1488e0+0x0000000000000052]
j  java.awt.WaitDispatchSupport.enter()Z+260 java.desktop@9.0.4
j  java.awt.Dialog.show()V+225 java.desktop@9.0.4
J 8590 c1 java.awt.Component.setVisible(Z)V java.desktop@9.0.4 (6 bytes) @ 0x00000203c4de4fcc [0x00000203c4de4de0+0x00000000000001ec]
j  java.awt.Window.setVisible(Z)V+2 java.desktop@9.0.4
j  java.awt.Dialog.setVisible(Z)V+2 java.desktop@9.0.4
j  ui.b.c.g.setVisible(Z)V+2
j  ui.b.c.by.showDialog()V+64
j  ui.b.c.bF.actionPerformed(Ljava/awt/event/ActionEvent;)V+8
j  ui.b.c.by.cJI()V+396
j  ui.views.c.t.b.a.run()V+60
j  ui.frmwork.a.dWF()Z+66
j  ui.frmwork.V.dYl()V+42
j  ui.bk.actionPerformed(Ljava/awt/event/ActionEvent;)V+25
j  javax.swing.AbstractButton.fireActionPerformed(Ljava/awt/event/ActionEvent;)V+84 java.desktop@9.0.4
j  ui.utils.o.b.B.fireActionPerformed(Ljava/awt/event/ActionEvent;)V+7
j  javax.swing.AbstractButton$Handler.actionPerformed(Ljava/awt/event/ActionEvent;)V+5 java.desktop@9.0.4
j  javax.swing.DefaultButtonModel.fireActionPerformed(Ljava/awt/event/ActionEvent;)V+34 java.desktop@9.0.4
J 21770 c1 javax.swing.DefaultButtonModel.setPressed(Z)V java.desktop@9.0.4 (125 bytes) @ 0x00000203c54e8944 [0x00000203c54e7a80+0x0000000000000ec4]
j  javax.swing.plaf.basic.BasicButtonListener.mouseReleased(Ljava/awt/event/MouseEvent;)V+35 java.desktop@9.0.4
j  com.jidesoft.plaf.basic.BasicJideButtonListener.mouseReleased(Ljava/awt/event/MouseEvent;)V+61
J 18956 c1 java.awt.AWTEventMulticaster.mouseReleased(Ljava/awt/event/MouseEvent;)V java.desktop@9.0.4 (27 bytes) @ 0x00000203c476728c [0x00000203c4767080+0x000000000000020c]
J 18956 c1 java.awt.AWTEventMulticaster.mouseReleased(Ljava/awt/event/MouseEvent;)V java.desktop@9.0.4 (27 bytes) @ 0x00000203c476728c [0x00000203c4767080+0x000000000000020c]
J 18956 c1 java.awt.AWTEventMulticaster.mouseReleased(Ljava/awt/event/MouseEvent;)V java.desktop@9.0.4 (27 bytes) @ 0x00000203c476728c [0x00000203c4767080+0x000000000000020c]
J 21813 c2 javax.swing.JComponent.processMouseEvent(Ljava/awt/event/MouseEvent;)V java.desktop@9.0.4 (27 bytes) @ 0x00000203cc624010 [0x00000203cc623e20+0x00000000000001f0]
J 16485 c2 java.awt.Container.processEvent(Ljava/awt/AWTEvent;)V java.desktop@9.0.4 (22 bytes) @ 0x00000203cb916eb8 [0x00000203cb916da0+0x0000000000000118]
J 24231 c2 java.awt.Component.dispatchEventImpl(Ljava/awt/AWTEvent;)V java.desktop@9.0.4 (739 bytes) @ 0x00000203cc9a0a50 [0x00000203cc99fbe0+0x0000000000000e70]
J 15777 c2 java.awt.Container.dispatchEventImpl(Ljava/awt/AWTEvent;)V java.desktop@9.0.4 (129 bytes) @ 0x00000203cbd60284 [0x00000203cbd60220+0x0000000000000064]
J 19660 c2 java.awt.LightweightDispatcher.retargetMouseEvent(Ljava/awt/Component;ILjava/awt/event/MouseEvent;)V java.desktop@9.0.4 (350 bytes) @ 0x00000203cb5a28ac [0x00000203cb5a2360+0x000000000000054c]
J 15777 c2 java.awt.Container.dispatchEventImpl(Ljava/awt/AWTEvent;)V java.desktop@9.0.4 (129 bytes) @ 0x00000203cbd60afc [0x00000203cbd60220+0x00000000000008dc]
J 17477 c2 java.awt.Window.dispatchEventImpl(Ljava/awt/AWTEvent;)V java.desktop@9.0.4 (23 bytes) @ 0x00000203cbfb300c [0x00000203cbfb2fc0+0x000000000000004c]
J 15876 c2 java.awt.EventQueue$3.run()Ljava/lang/Object; java.desktop@9.0.4 (5 bytes) @ 0x00000203cbda29bc [0x00000203cbda2800+0x00000000000001bc]
v  ~StubRoutines::call_stub
J 3855  java.security.AccessController.doPrivileged(Ljava/security/PrivilegedAction;Ljava/security/AccessControlContext;)Ljava/lang/Object; java.base@9.0.4 (0 bytes) @ 0x00000203cb2bf246 [0x00000203cb2bf1e0+0x0000000000000066]
J 16650 c2 java.awt.EventQueue$4.run()Ljava/lang/Object; java.desktop@9.0.4 (5 bytes) @ 0x00000203cba687d8 [0x00000203cba68760+0x0000000000000078]
v  ~StubRoutines::call_stub
J 3855  java.security.AccessController.doPrivileged(Ljava/security/PrivilegedAction;Ljava/security/AccessControlContext;)Ljava/lang/Object; java.base@9.0.4 (0 bytes) @ 0x00000203cb2bf246 [0x00000203cb2bf1e0+0x0000000000000066]
J 13584 c2 ui.frmwork.b.d.dispatchEvent(Ljava/awt/AWTEvent;)V (34 bytes) @ 0x00000203cbaa48d8 [0x00000203cbaa31c0+0x0000000000001718]
J 13590 c2 java.awt.EventDispatchThread.pumpOneEventForFilters(I)V java.desktop@9.0.4 (218 bytes) @ 0x00000203cbabaf14 [0x00000203cbabaa40+0x00000000000004d4]
J 19915% c2 java.awt.EventDispatchThread.pumpEventsForFilter(ILjava/awt/Conditional;Ljava/awt/EventFilter;)V java.desktop@9.0.4 (47 bytes) @ 0x00000203cbae5e40 [0x00000203cbae5d40+0x0000000000000100]
j  java.awt.EventDispatchThread.pumpEventsForHierarchy(ILjava/awt/Conditional;Ljava/awt/Component;)V+11 java.desktop@9.0.4
j  java.awt.EventDispatchThread.pumpEvents(ILjava/awt/Conditional;)V+4 java.desktop@9.0.4
j  java.awt.EventDispatchThread.pumpEvents(Ljava/awt/Conditional;)V+3 java.desktop@9.0.4
j  java.awt.EventDispatchThread.run()V+9 java.desktop@9.0.4
v  ~StubRoutines::call_stub

siginfo: EXCEPTION_ACCESS_VIOLATION (0xc0000005), data execution prevention violation at address 0x00007ff8a4f03370


Register to memory mapping:

RIP=0x00007ff8a4f03370 is an unknown value
RAX=0x00007ff8a4ea85e0 is an unknown value
RBX=0x000000bdb08f4070 is pointing into the stack for thread: 0x00000203d970c000
RCX=0x00000203dd55edc0 is an unknown value
RDX=0x00000203dd659840 is an unknown value
RSP=0x000000bdb08f3f08 is pointing into the stack for thread: 0x00000203d970c000
RBP=0x000000bdb08f4030 is pointing into the stack for thread: 0x00000203d970c000
RSI=0x00000203dd659840 is an unknown value
RDI=0x00000203dd55edc0 is an unknown value
R8 =0x000000bdb08f4030 is pointing into the stack for thread: 0x00000203d970c000
R9 =0x000000bdb08f4070 is pointing into the stack for thread: 0x00000203d970c000
R10=0x00000203dd659850 is an unknown value
R11=0x00000203e7e36470 is an unknown value
R12=0x0000000000000000 is an unknown value
R13=0x0000000000000000 is an unknown value
R14=0x00000203dd659840 is an unknown value
R15=0x0000000000000001 is an unknown value


Registers:
RAX=0x00007ff8a4ea85e0, RBX=0x000000bdb08f4070, RCX=0x00000203dd55edc0, RDX=0x00000203dd659840
RSP=0x000000bdb08f3f08, RBP=0x000000bdb08f4030, RSI=0x00000203dd659840, RDI=0x00000203dd55edc0
R8 =0x000000bdb08f4030, R9 =0x000000bdb08f4070, R10=0x00000203dd659850, R11=0x00000203e7e36470
R12=0x0000000000000000, R13=0x0000000000000000, R14=0x00000203dd659840, R15=0x0000000000000001
RIP=0x00007ff8a4f03370, EFLAGS=0x0000000000010206

Top of Stack: (sp=0x000000bdb08f3f08)
0x000000bdb08f3f08:   00007ff8a4bdeedc 0000020300000000
0x000000bdb08f3f18:   00000203ad267380 00000203e71ae4c0
0x000000bdb08f3f28:   00000203ad260000 00000203ad2602a4
0x000000bdb08f3f38:   000000bdb08f4070 000000bdb08f4030
0x000000bdb08f3f48:   00000203dd659840 fffffffffffffffe
0x000000bdb08f3f58:   0000000000000000 0000000000000008
0x000000bdb08f3f68:   0000000000000000 0000000000000000
0x000000bdb08f3f78:   0000000000000001 0000000000000010
0x000000bdb08f3f88:   000000bdb08f4049 00000203ad360000
0x000000bdb08f3f98:   00007ff90ad1b997 00000203ad260000
0x000000bdb08f3fa8:   0000ffff00000003 0000000000000008
0x000000bdb08f3fb8:   0000000000000000 000079ee616472d1
0x000000bdb08f3fc8:   0000000000000000 00000203e7e36470
0x000000bdb08f3fd8:   000000bdb08f4148 00000203df98ae30
0x000000bdb08f3fe8:   000000bdb08f4079 000000bdb08f4130
0x000000bdb08f3ff8:   00007ff8a4bd5fc7 000000000000004f 

Instructions: (pc=0x00007ff8a4f03370)
0x00007ff8a4f03350:   00 00 00 00 ff ff ff ff 00 00 00 00 40 00 00 00
0x00007ff8a4f03360:   20 33 45 00 00 00 00 00 00 00 00 00 00 00 00 00
0x00007ff8a4f03370:   01 00 00 00 00 00 00 00 00 00 00 00 10 8a 58 00
0x00007ff8a4f03380:   98 33 45 00 70 33 45 00 00 00 00 00 00 00 00 00 



---------------  P R O C E S S  ---------------

Java Threads: ( => current thread )
  0x00000203db2d2800 JavaThread "Relaunch Simulation" [_thread_blocked, id=10400, stack(0x000000bdb6000000,0x000000bdb6500000)]
  0x00000203db2d8000 JavaThread "Monitor File Timestamp Swing Worker" [_thread_blocked, id=14580, stack(0x000000bdb5200000,0x000000bdb5700000)]
  0x00000203db2d9800 JavaThread "Timer-26" [_thread_blocked, id=8948, stack(0x000000bdb4c00000,0x000000bdb5100000)]
  0x00000203db2d6800 JavaThread "Monitor File Timestamp Swing Worker" [_thread_blocked, id=15704, stack(0x000000bdb4200000,0x000000bdb4700000)]
  0x00000203db2d5800 JavaThread "Timer-25" [_thread_blocked, id=15552, stack(0x000000bdb3800000,0x000000bdb3d00000)]
  0x00000203db2d0800 JavaThread "Thread-10287" [_thread_in_native, id=13456, stack(0x000000bdb2f00000,0x000000bdb3000000)]
  0x00000203db2d8800 JavaThread "Image Animator 0" daemon [_thread_blocked, id=9620, stack(0x000000bdb5b00000,0x000000bdb6000000)]
  0x00000203db2d1000 JavaThread "SyntheticaAnimation 50" daemon [_thread_blocked, id=2744, stack(0x000000bdb1800000,0x000000bdb1d00000)]
  0x00000203db2d4000 JavaThread "Update Runs Swing Worker" [_thread_blocked, id=10700, stack(0x000000bdb4700000,0x000000bdb4c00000)]
  0x00000203b690b800 JavaThread "hw_ila_monitor" [_thread_blocked, id=2132, stack(0x000000bdb1300000,0x000000bdb1800000)]
  0x00000203b6907800 JavaThread "Refresh Filesets Swing Worker" [_thread_blocked, id=13960, stack(0x000000bdb3300000,0x000000bdb3800000)]
  0x00000203b690d000 JavaThread "Swing-Shell" daemon [_thread_blocked, id=6944, stack(0x000000bdaf500000,0x000000bdafa00000)]
  0x00000203b6909000 JavaThread "SyntheticaAnimation 70" daemon [_thread_blocked, id=10408, stack(0x000000bdb0900000,0x000000bdb0e00000)]
  0x00000203b690c800 JavaThread "SyntheticaAnimation 25" daemon [_thread_blocked, id=16044, stack(0x000000bdb2a00000,0x000000bdb2f00000)]
  0x00000203b6908800 JavaThread "SyntheticaAnimation 50" daemon [_thread_blocked, id=5356, stack(0x000000bdb2500000,0x000000bdb2a00000)]
  0x00000203b690b000 JavaThread "Monitor HEventQueue" [_thread_blocked, id=5992, stack(0x000000bdb2000000,0x000000bdb2500000)]
  0x00000203b6907000 JavaThread "SyntheticaCleanerThread" daemon [_thread_blocked, id=1596, stack(0x000000bdb0e00000,0x000000bdb1300000)]
  0x00000203b690a000 JavaThread "Batik CleanerThread" daemon [_thread_blocked, id=13324, stack(0x000000bdafa00000,0x000000bdaff00000)]
=>0x00000203d970c000 JavaThread "AWT-EventQueue-1" [_thread_in_native, id=2144, stack(0x000000bdb0400000,0x000000bdb0900000)]
  0x00000203da027000 JavaThread "Process Messages" [_thread_blocked, id=9108, stack(0x000000bdaff00000,0x000000bdb0400000)]
  0x00000203da5a9800 JavaThread "Thread-1" [_thread_in_native, id=4568, stack(0x000000bda9700000,0x000000bdaab00000)]
  0x00000203d9d9d800 JavaThread "TimerQueue" daemon [_thread_blocked, id=2212, stack(0x000000bdaf000000,0x000000bdaf500000)]
  0x00000203b6817000 JavaThread "AWT-Windows" daemon [_thread_in_native, id=12540, stack(0x000000bdaeb00000,0x000000bdaf000000)]
  0x00000203b6816800 JavaThread "AWT-Shutdown" [_thread_blocked, id=6412, stack(0x000000bdae600000,0x000000bdaeb00000)]
  0x00000203b61ca800 JavaThread "Java2D Disposer" daemon [_thread_blocked, id=8988, stack(0x000000bdae100000,0x000000bdae600000)]
  0x00000203b5f37000 JavaThread "Service Thread" daemon [_thread_blocked, id=14740, stack(0x000000bdadb00000,0x000000bdae000000)]
  0x00000203b2e6d800 JavaThread "Common-Cleaner" daemon [_thread_blocked, id=10884, stack(0x000000bdad600000,0x000000bdadb00000)]
  0x00000203b758d000 JavaThread "Sweeper thread" daemon [_thread_blocked, id=12872, stack(0x000000bdad100000,0x000000bdad600000)]
  0x00000203b758c800 JavaThread "C1 CompilerThread2" daemon [_thread_blocked, id=14492, stack(0x000000bdad000000,0x000000bdad100000)]
  0x00000203b3067000 JavaThread "C2 CompilerThread1" daemon [_thread_blocked, id=16292, stack(0x000000bdacf00000,0x000000bdad000000)]
  0x00000203b4dc8800 JavaThread "C2 CompilerThread0" daemon [_thread_blocked, id=15752, stack(0x000000bdace00000,0x000000bdacf00000)]
  0x00000203b3066800 JavaThread "Attach Listener" daemon [_thread_blocked, id=4248, stack(0x000000bdac900000,0x000000bdace00000)]
  0x00000203b7aa6800 JavaThread "Signal Dispatcher" daemon [_thread_blocked, id=2316, stack(0x000000bdac400000,0x000000bdac900000)]
  0x00000203bc8fd800 JavaThread "Finalizer" daemon [_thread_blocked, id=16164, stack(0x000000bdabf00000,0x000000bdac400000)]
  0x00000203b7e6e800 JavaThread "Reference Handler" daemon [_thread_blocked, id=4692, stack(0x000000bdaba00000,0x000000bdabf00000)]
  0x00000203bcad4800 JavaThread "main" [_thread_blocked, id=11644, stack(0x000000bda9600000,0x000000bda9700000)]

Other Threads:
  0x00000203b4ca7000 VMThread "VM Thread" [stack: 0x000000bdab900000,0x000000bdaba00000] [id=13436]
  0x00000203b5f43000 WatcherThread [stack: 0x000000bdae000000,0x000000bdae100000] [id=4908]
  0x00000203b4f91800 GCTaskThread "GC Thread#0" [stack: 0x000000bdaae00000,0x000000bdaaf00000] [id=752]
  0x00000203bca4a000 GCTaskThread "GC Thread#1" [stack: 0x000000bdaaf00000,0x000000bdab000000] [id=13168]
  0x00000203b5d54000 GCTaskThread "GC Thread#2" [stack: 0x000000bdab000000,0x000000bdab100000] [id=12308]
  0x00000203b5d54800 GCTaskThread "GC Thread#3" [stack: 0x000000bdab100000,0x000000bdab200000] [id=9660]
  0x00000203b703e800 ConcurrentGCThread "G1 Main Marker" [stack: 0x000000bdab700000,0x000000bdab800000] [id=14168]
  0x00000203b703f000 ConcurrentGCThread "G1 Marker#0" [stack: 0x000000bdab800000,0x000000bdab900000] [id=10696]
  0x00000203b5038800 ConcurrentGCThread "G1 Refine#0" [stack: 0x000000bdab500000,0x000000bdab600000] [id=9520]
  0x00000203b5038000 ConcurrentGCThread "G1 Refine#1" [stack: 0x000000bdab400000,0x000000bdab500000] [id=3092]
  0x00000203b4f3e800 ConcurrentGCThread "G1 Refine#2" [stack: 0x000000bdab300000,0x000000bdab400000] [id=11756]
  0x00000203b4f3d800 ConcurrentGCThread "G1 Refine#3" [stack: 0x000000bdab200000,0x000000bdab300000] [id=9444]
  0x00000203bca85800 ConcurrentGCThread "G1 Young RemSet Sampling" [stack: 0x000000bdab600000,0x000000bdab700000] [id=3172]

Threads with active compile tasks:

VM state:not at safepoint (normal execution)

VM Mutex/Monitor currently owned by a thread: None

Heap address: 0x0000000700000000, size: 3072 MB, Compressed Oops mode: Zero based, Oop shift amount: 3
Narrow klass base: 0x0000000000000000, Narrow klass shift: 3
Compressed class space size: 1073741824 Address: 0x00000007c0000000

Heap:
 garbage-first heap   total 264192K, used 117403K [0x0000000700000000, 0x0000000700100810, 0x00000007c0000000)
  region size 1024K, 34 young (34816K), 3 survivors (3072K)
 Metaspace       used 90991K, capacity 94409K, committed 98268K, reserved 1134592K
  class space    used 12333K, capacity 12979K, committed 13820K, reserved 1048576K
Heap Regions: E=young(eden), S=young(survivor), O=old, HS=humongous(starts), HC=humongous(continues), CS=collection set, F=free, A=archive, TS=gc time stamp, AC=allocation context, TAMS=top-at-mark-start (previous, next)
|   0|0x0000000700000000, 0x00000007000d9a90, 0x0000000700100000| 85%| O|  |TS  0|AC  0|TAMS 0x0000000700000000, 0x0000000700000000|
|   1|0x0000000700100000, 0x0000000700200000, 0x0000000700200000|100%|HS|  |TS  0|AC  0|TAMS 0x0000000700100000, 0x0000000700100000|
|   2|0x0000000700200000, 0x0000000700300000, 0x0000000700300000|100%|HC|  |TS  0|AC  0|TAMS 0x0000000700200000, 0x0000000700200000|
|   3|0x0000000700300000, 0x0000000700400000, 0x0000000700400000|100%|HS|  |TS  0|AC  0|TAMS 0x0000000700300000, 0x0000000700300000|
|   4|0x0000000700400000, 0x00000007004fd6b0, 0x0000000700500000| 98%| O|  |TS  0|AC  0|TAMS 0x0000000700400000, 0x0000000700400000|
|   5|0x0000000700500000, 0x00000007005fb8c8, 0x0000000700600000| 98%| O|  |TS  0|AC  0|TAMS 0x0000000700500000, 0x0000000700500000|
|   6|0x0000000700600000, 0x00000007006ffff8, 0x0000000700700000| 99%| O|  |TS  0|AC  0|TAMS 0x0000000700600000, 0x0000000700600000|
|   7|0x0000000700700000, 0x00000007007ffff0, 0x0000000700800000| 99%| O|  |TS  0|AC  0|TAMS 0x0000000700700000, 0x0000000700700000|
|   8|0x0000000700800000, 0x00000007008fffe8, 0x0000000700900000| 99%| O|  |TS  0|AC  0|TAMS 0x0000000700800000, 0x0000000700800000|
|   9|0x0000000700900000, 0x00000007009fcf00, 0x0000000700a00000| 98%| O|  |TS  0|AC  0|TAMS 0x0000000700900000, 0x0000000700900000|
|  10|0x0000000700a00000, 0x0000000700affff8, 0x0000000700b00000| 99%| O|  |TS  0|AC  0|TAMS 0x0000000700a00000, 0x0000000700a00000|
|  11|0x0000000700b00000, 0x0000000700bfb420, 0x0000000700c00000| 98%| O|  |TS  0|AC  0|TAMS 0x0000000700b00000, 0x0000000700b00000|
|  12|0x0000000700c00000, 0x0000000700cf4558, 0x0000000700d00000| 95%| O|  |TS  0|AC  0|TAMS 0x0000000700c00000, 0x0000000700c00000|
|  13|0x0000000700d00000, 0x0000000700df4d80, 0x0000000700e00000| 95%| O|  |TS  0|AC  0|TAMS 0x0000000700d00000, 0x0000000700d00000|
|  14|0x0000000700e00000, 0x0000000700eea038, 0x0000000700f00000| 91%| O|  |TS  0|AC  0|TAMS 0x0000000700e00000, 0x0000000700e00000|
|  15|0x0000000700f00000, 0x0000000700fffff8, 0x0000000701000000| 99%| O|  |TS  0|AC  0|TAMS 0x0000000700f00000, 0x0000000700f00000|
|  16|0x0000000701000000, 0x00000007010fffe0, 0x0000000701100000| 99%| O|  |TS  0|AC  0|TAMS 0x0000000701000000, 0x0000000701000000|
|  17|0x0000000701100000, 0x0000000701200000, 0x0000000701200000|100%| O|  |TS  0|AC  0|TAMS 0x0000000701100000, 0x0000000701100000|
|  18|0x0000000701200000, 0x00000007012ffff0, 0x0000000701300000| 99%| O|  |TS  0|AC  0|TAMS 0x0000000701200000, 0x0000000701200000|
|  19|0x0000000701300000, 0x00000007013ff688, 0x0000000701400000| 99%| O|  |TS  0|AC  0|TAMS 0x0000000701300000, 0x0000000701300000|
|  20|0x0000000701400000, 0x0000000701500000, 0x0000000701500000|100%|HS|  |TS  0|AC  0|TAMS 0x0000000701400000, 0x0000000701400000|
|  21|0x0000000701500000, 0x00000007015fed18, 0x0000000701600000| 99%| O|  |TS  0|AC  0|TAMS 0x0000000701500000, 0x0000000701500000|
|  22|0x0000000701600000, 0x00000007016ffff8, 0x0000000701700000| 99%| O|  |TS  0|AC  0|TAMS 0x0000000701600000, 0x0000000701600000|
|  23|0x0000000701700000, 0x00000007017fffe0, 0x0000000701800000| 99%| O|  |TS  0|AC  0|TAMS 0x0000000701700000, 0x0000000701700000|
|  24|0x0000000701800000, 0x00000007018ffff8, 0x0000000701900000| 99%| O|  |TS  0|AC  0|TAMS 0x0000000701800000, 0x0000000701800000|
|  25|0x0000000701900000, 0x0000000701a00000, 0x0000000701a00000|100%| O|  |TS  0|AC  0|TAMS 0x0000000701900000, 0x0000000701900000|
|  26|0x0000000701a00000, 0x0000000701affff8, 0x0000000701b00000| 99%| O|  |TS  0|AC  0|TAMS 0x0000000701a00000, 0x0000000701a00000|
|  27|0x0000000701b00000, 0x0000000701bffe78, 0x0000000701c00000| 99%| O|  |TS  0|AC  0|TAMS 0x0000000701b00000, 0x0000000701b00000|
|  28|0x0000000701c00000, 0x0000000701cffff0, 0x0000000701d00000| 99%| O|  |TS  0|AC  0|TAMS 0x0000000701c00000, 0x0000000701c00000|
|  29|0x0000000701d00000, 0x0000000701dfffa0, 0x0000000701e00000| 99%| O|  |TS  0|AC  0|TAMS 0x0000000701d00000, 0x0000000701d00000|
|  30|0x0000000701e00000, 0x0000000701effec8, 0x0000000701f00000| 99%| O|  |TS  0|AC  0|TAMS 0x0000000701e00000, 0x0000000701e00000|
|  31|0x0000000701f00000, 0x0000000701fffe08, 0x0000000702000000| 99%| O|  |TS  0|AC  0|TAMS 0x0000000701f00000, 0x0000000701f00000|
|  32|0x0000000702000000, 0x00000007020adeb8, 0x0000000702100000| 67%| O|  |TS  0|AC  0|TAMS 0x0000000702000000, 0x0000000702000000|
|  33|0x0000000702100000, 0x00000007021ff960, 0x0000000702200000| 99%| O|  |TS  0|AC  0|TAMS 0x0000000702100000, 0x0000000702100000|
|  34|0x0000000702200000, 0x00000007022ffff8, 0x0000000702300000| 99%| O|  |TS  0|AC  0|TAMS 0x0000000702200000, 0x0000000702200000|
|  35|0x0000000702300000, 0x00000007023ffee0, 0x0000000702400000| 99%| O|  |TS  0|AC  0|TAMS 0x0000000702300000, 0x0000000702300000|
|  36|0x0000000702400000, 0x00000007024fffc0, 0x0000000702500000| 99%| O|  |TS  0|AC  0|TAMS 0x0000000702400000, 0x0000000702400000|
|  37|0x0000000702500000, 0x00000007025ffff0, 0x0000000702600000| 99%| O|  |TS  0|AC  0|TAMS 0x0000000702500000, 0x0000000702500000|
|  38|0x0000000702600000, 0x00000007026fce58, 0x0000000702700000| 98%| O|  |TS  0|AC  0|TAMS 0x0000000702600000, 0x0000000702600000|
|  39|0x0000000702700000, 0x00000007027fe7a8, 0x0000000702800000| 99%| O|  |TS  0|AC  0|TAMS 0x0000000702700000, 0x0000000702700000|
|  40|0x0000000702800000, 0x00000007028fff58, 0x0000000702900000| 99%| O|  |TS  0|AC  0|TAMS 0x0000000702800000, 0x0000000702800000|
|  41|0x0000000702900000, 0x00000007029fd7d0, 0x0000000702a00000| 99%| O|  |TS  0|AC  0|TAMS 0x0000000702900000, 0x0000000702900000|
|  42|0x0000000702a00000, 0x0000000702afffe8, 0x0000000702b00000| 99%| O|  |TS  0|AC  0|TAMS 0x0000000702a00000, 0x0000000702a00000|
|  43|0x0000000702b00000, 0x0000000702c00000, 0x0000000702c00000|100%|HS|  |TS  0|AC  0|TAMS 0x0000000702b00000, 0x0000000702b00000|
|  44|0x0000000702c00000, 0x0000000702d00000, 0x0000000702d00000|100%|HC|  |TS  0|AC  0|TAMS 0x0000000702c00000, 0x0000000702c00000|
|  45|0x0000000702d00000, 0x0000000702e00000, 0x0000000702e00000|100%|HC|  |TS  0|AC  0|TAMS 0x0000000702d00000, 0x0000000702d00000|
|  46|0x0000000702e00000, 0x0000000702f00000, 0x0000000702f00000|100%|HC|  |TS  0|AC  0|TAMS 0x0000000702e00000, 0x0000000702e00000|
|  47|0x0000000702f00000, 0x0000000703000000, 0x0000000703000000|100%|HC|  |TS  0|AC  0|TAMS 0x0000000702f00000, 0x0000000702f00000|
|  48|0x0000000703000000, 0x0000000703100000, 0x0000000703100000|100%|HC|  |TS  0|AC  0|TAMS 0x0000000703000000, 0x0000000703000000|
|  49|0x0000000703100000, 0x0000000703200000, 0x0000000703200000|100%|HC|  |TS  0|AC  0|TAMS 0x0000000703100000, 0x0000000703100000|
|  50|0x0000000703200000, 0x0000000703300000, 0x0000000703300000|100%|HC|  |TS  0|AC  0|TAMS 0x0000000703200000, 0x0000000703200000|
|  51|0x0000000703300000, 0x00000007033ffff0, 0x0000000703400000| 99%| O|  |TS  0|AC  0|TAMS 0x0000000703300000, 0x0000000703300000|
|  52|0x0000000703400000, 0x00000007034ffff8, 0x0000000703500000| 99%| O|  |TS  0|AC  0|TAMS 0x0000000703400000, 0x0000000703400000|
|  53|0x0000000703500000, 0x00000007035ffff8, 0x0000000703600000| 99%| O|  |TS  0|AC  0|TAMS 0x0000000703500000, 0x0000000703500000|
|  54|0x0000000703600000, 0x00000007036f9890, 0x0000000703700000| 97%| O|  |TS  0|AC  0|TAMS 0x0000000703600000, 0x0000000703600000|
|  55|0x0000000703700000, 0x00000007037ffff0, 0x0000000703800000| 99%| O|  |TS  0|AC  0|TAMS 0x0000000703700000, 0x0000000703700000|
|  56|0x0000000703800000, 0x00000007038fffe8, 0x0000000703900000| 99%| O|  |TS  0|AC  0|TAMS 0x0000000703800000, 0x0000000703800000|
|  57|0x0000000703900000, 0x0000000703a00000, 0x0000000703a00000|100%| O|  |TS  0|AC  0|TAMS 0x0000000703900000, 0x0000000703900000|
|  58|0x0000000703a00000, 0x0000000703afff80, 0x0000000703b00000| 99%| O|  |TS  0|AC  0|TAMS 0x0000000703a00000, 0x0000000703a00000|
|  59|0x0000000703b00000, 0x0000000703c00000, 0x0000000703c00000|100%| O|  |TS  0|AC  0|TAMS 0x0000000703b00000, 0x0000000703b00000|
|  60|0x0000000703c00000, 0x0000000703cffff0, 0x0000000703d00000| 99%| O|  |TS  0|AC  0|TAMS 0x0000000703c00000, 0x0000000703c00000|
|  61|0x0000000703d00000, 0x0000000703dfff98, 0x0000000703e00000| 99%| O|  |TS  0|AC  0|TAMS 0x0000000703d00000, 0x0000000703d00000|
|  62|0x0000000703e00000, 0x0000000703efff60, 0x0000000703f00000| 99%| O|  |TS  0|AC  0|TAMS 0x0000000703e00000, 0x0000000703e00000|
|  63|0x0000000703f00000, 0x0000000703ffffd8, 0x0000000704000000| 99%| O|  |TS  0|AC  0|TAMS 0x0000000703f00000, 0x0000000703f00000|
|  64|0x0000000704000000, 0x00000007040ffff0, 0x0000000704100000| 99%| O|  |TS  0|AC  0|TAMS 0x0000000704000000, 0x0000000704000000|
|  65|0x0000000704100000, 0x00000007041fffe0, 0x0000000704200000| 99%| O|  |TS  0|AC  0|TAMS 0x0000000704100000, 0x0000000704100000|
|  66|0x0000000704200000, 0x00000007042d54b8, 0x0000000704300000| 83%| O|  |TS  0|AC  0|TAMS 0x0000000704200000, 0x0000000704200000|
|  67|0x0000000704300000, 0x0000000704400000, 0x0000000704400000|100%|HS|  |TS  0|AC  0|TAMS 0x0000000704300000, 0x0000000704300000|
|  68|0x0000000704400000, 0x0000000704500000, 0x0000000704500000|100%|HC|  |TS  0|AC  0|TAMS 0x0000000704400000, 0x0000000704400000|
|  69|0x0000000704500000, 0x00000007045bbc48, 0x0000000704600000| 73%| O|  |TS  0|AC  0|TAMS 0x0000000704500000, 0x0000000704500000|
|  70|0x0000000704600000, 0x00000007046ffff8, 0x0000000704700000| 99%| O|  |TS  0|AC  0|TAMS 0x0000000704600000, 0x0000000704600000|
|  71|0x0000000704700000, 0x00000007047ffff0, 0x0000000704800000| 99%| O|  |TS  0|AC  0|TAMS 0x0000000704700000, 0x0000000704700000|
|  72|0x0000000704800000, 0x00000007048ffea0, 0x0000000704900000| 99%| O|  |TS  0|AC  0|TAMS 0x0000000704800000, 0x0000000704800000|
|  73|0x0000000704900000, 0x00000007049ffff8, 0x0000000704a00000| 99%| O|  |TS  0|AC  0|TAMS 0x0000000704900000, 0x0000000704900000|
|  74|0x0000000704a00000, 0x0000000704afffe8, 0x0000000704b00000| 99%| O|  |TS  0|AC  0|TAMS 0x0000000704a00000, 0x0000000704a00000|
|  75|0x0000000704b00000, 0x0000000704bfffe0, 0x0000000704c00000| 99%| O|  |TS  0|AC  0|TAMS 0x0000000704b00000, 0x0000000704b00000|
|  76|0x0000000704c00000, 0x0000000704cffe68, 0x0000000704d00000| 99%| O|  |TS  0|AC  0|TAMS 0x0000000704c00000, 0x0000000704c00000|
|  77|0x0000000704d00000, 0x0000000704dffd98, 0x0000000704e00000| 99%| O|  |TS  0|AC  0|TAMS 0x0000000704d00000, 0x0000000704d00000|
|  78|0x0000000704e00000, 0x0000000704effff0, 0x0000000704f00000| 99%| O|  |TS  0|AC  0|TAMS 0x0000000704e00000, 0x0000000704e00000|
|  79|0x0000000704f00000, 0x0000000704ffffb0, 0x0000000705000000| 99%| O|  |TS  0|AC  0|TAMS 0x0000000704f00000, 0x0000000704f00000|
|  80|0x0000000705000000, 0x0000000705100000, 0x0000000705100000|100%| O|  |TS  0|AC  0|TAMS 0x0000000705000000, 0x0000000705000000|
|  81|0x0000000705100000, 0x00000007051bc1e8, 0x0000000705200000| 73%| O|  |TS  0|AC  0|TAMS 0x0000000705100000, 0x0000000705100000|
|  82|0x0000000705200000, 0x0000000705256200, 0x0000000705300000| 33%| O|  |TS 37|AC  0|TAMS 0x0000000705200000, 0x0000000705200000|
|  83|0x0000000705300000, 0x0000000705300000, 0x0000000705400000|  0%| F|  |TS  0|AC  0|TAMS 0x0000000705300000, 0x0000000705300000|
|  84|0x0000000705400000, 0x0000000705500000, 0x0000000705500000|100%|HS|  |TS  0|AC  0|TAMS 0x0000000705400000, 0x0000000705400000|
|  85|0x0000000705500000, 0x0000000705500000, 0x0000000705600000|  0%| F|  |TS  0|AC  0|TAMS 0x0000000705500000, 0x0000000705500000|
|  86|0x0000000705600000, 0x0000000705600000, 0x0000000705700000|  0%| F|  |TS  0|AC  0|TAMS 0x0000000705600000, 0x0000000705600000|
|  87|0x0000000705700000, 0x0000000705700000, 0x0000000705800000|  0%| F|  |TS  0|AC  0|TAMS 0x0000000705700000, 0x0000000705700000|
|  88|0x0000000705800000, 0x0000000705800000, 0x0000000705900000|  0%| F|  |TS  0|AC  0|TAMS 0x0000000705800000, 0x0000000705800000|
|  89|0x0000000705900000, 0x0000000705900000, 0x0000000705a00000|  0%| F|  |TS  0|AC  0|TAMS 0x0000000705900000, 0x0000000705900000|
|  90|0x0000000705a00000, 0x0000000705a00000, 0x0000000705b00000|  0%| F|  |TS  0|AC  0|TAMS 0x0000000705a00000, 0x0000000705a00000|
|  91|0x0000000705b00000, 0x0000000705b00000, 0x0000000705c00000|  0%| F|  |TS  0|AC  0|TAMS 0x0000000705b00000, 0x0000000705b00000|
|  92|0x0000000705c00000, 0x0000000705c00000, 0x0000000705d00000|  0%| F|  |TS  0|AC  0|TAMS 0x0000000705c00000, 0x0000000705c00000|
|  93|0x0000000705d00000, 0x0000000705d00000, 0x0000000705e00000|  0%| F|  |TS  0|AC  0|TAMS 0x0000000705d00000, 0x0000000705d00000|
|  94|0x0000000705e00000, 0x0000000705e00000, 0x0000000705f00000|  0%| F|  |TS  0|AC  0|TAMS 0x0000000705e00000, 0x0000000705e00000|
|  95|0x0000000705f00000, 0x0000000705f00000, 0x0000000706000000|  0%| F|  |TS  0|AC  0|TAMS 0x0000000705f00000, 0x0000000705f00000|
|  96|0x0000000706000000, 0x0000000706000000, 0x0000000706100000|  0%| F|  |TS  0|AC  0|TAMS 0x0000000706000000, 0x0000000706000000|
|  97|0x0000000706100000, 0x0000000706100000, 0x0000000706200000|  0%| F|  |TS  0|AC  0|TAMS 0x0000000706100000, 0x0000000706100000|
|  98|0x0000000706200000, 0x0000000706200000, 0x0000000706300000|  0%| F|  |TS  0|AC  0|TAMS 0x0000000706200000, 0x0000000706200000|
|  99|0x0000000706300000, 0x0000000706300000, 0x0000000706400000|  0%| F|  |TS  0|AC  0|TAMS 0x0000000706300000, 0x0000000706300000|
| 100|0x0000000706400000, 0x0000000706400000, 0x0000000706500000|  0%| F|  |TS  0|AC  0|TAMS 0x0000000706400000, 0x0000000706400000|
| 101|0x0000000706500000, 0x0000000706500000, 0x0000000706600000|  0%| F|  |TS  0|AC  0|TAMS 0x0000000706500000, 0x0000000706500000|
| 102|0x0000000706600000, 0x0000000706600000, 0x0000000706700000|  0%| F|  |TS  0|AC  0|TAMS 0x0000000706600000, 0x0000000706600000|
| 103|0x0000000706700000, 0x0000000706700000, 0x0000000706800000|  0%| F|  |TS  0|AC  0|TAMS 0x0000000706700000, 0x0000000706700000|
| 104|0x0000000706800000, 0x0000000706800000, 0x0000000706900000|  0%| F|  |TS  0|AC  0|TAMS 0x0000000706800000, 0x0000000706800000|
| 105|0x0000000706900000, 0x0000000706900000, 0x0000000706a00000|  0%| F|  |TS  0|AC  0|TAMS 0x0000000706900000, 0x0000000706900000|
| 106|0x0000000706a00000, 0x0000000706a00000, 0x0000000706b00000|  0%| F|  |TS  0|AC  0|TAMS 0x0000000706a00000, 0x0000000706a00000|
| 107|0x0000000706b00000, 0x0000000706b00000, 0x0000000706c00000|  0%| F|  |TS  0|AC  0|TAMS 0x0000000706b00000, 0x0000000706b00000|
| 108|0x0000000706c00000, 0x0000000706c00000, 0x0000000706d00000|  0%| F|  |TS  0|AC  0|TAMS 0x0000000706c00000, 0x0000000706c00000|
| 109|0x0000000706d00000, 0x0000000706d00000, 0x0000000706e00000|  0%| F|  |TS  0|AC  0|TAMS 0x0000000706d00000, 0x0000000706d00000|
| 110|0x0000000706e00000, 0x0000000706e00000, 0x0000000706f00000|  0%| F|  |TS  0|AC  0|TAMS 0x0000000706e00000, 0x0000000706e00000|
| 111|0x0000000706f00000, 0x0000000706f00000, 0x0000000707000000|  0%| F|  |TS  0|AC  0|TAMS 0x0000000706f00000, 0x0000000706f00000|
| 112|0x0000000707000000, 0x0000000707000000, 0x0000000707100000|  0%| F|  |TS  0|AC  0|TAMS 0x0000000707000000, 0x0000000707000000|
| 113|0x0000000707100000, 0x0000000707100000, 0x0000000707200000|  0%| F|  |TS  0|AC  0|TAMS 0x0000000707100000, 0x0000000707100000|
| 114|0x0000000707200000, 0x0000000707200000, 0x0000000707300000|  0%| F|  |TS  0|AC  0|TAMS 0x0000000707200000, 0x0000000707200000|
| 115|0x0000000707300000, 0x0000000707300000, 0x0000000707400000|  0%| F|  |TS  0|AC  0|TAMS 0x0000000707300000, 0x0000000707300000|
| 116|0x0000000707400000, 0x0000000707400000, 0x0000000707500000|  0%| F|  |TS  0|AC  0|TAMS 0x0000000707400000, 0x0000000707400000|
| 117|0x0000000707500000, 0x0000000707500000, 0x0000000707600000|  0%| F|  |TS  0|AC  0|TAMS 0x0000000707500000, 0x0000000707500000|
| 118|0x0000000707600000, 0x0000000707600000, 0x0000000707700000|  0%| F|  |TS  0|AC  0|TAMS 0x0000000707600000, 0x0000000707600000|
| 119|0x0000000707700000, 0x0000000707700000, 0x0000000707800000|  0%| F|  |TS  0|AC  0|TAMS 0x0000000707700000, 0x0000000707700000|
| 120|0x0000000707800000, 0x0000000707800000, 0x0000000707900000|  0%| F|  |TS  0|AC  0|TAMS 0x0000000707800000, 0x0000000707800000|
| 121|0x0000000707900000, 0x0000000707900000, 0x0000000707a00000|  0%| F|  |TS  0|AC  0|TAMS 0x0000000707900000, 0x0000000707900000|
| 122|0x0000000707a00000, 0x0000000707a00000, 0x0000000707b00000|  0%| F|  |TS  0|AC  0|TAMS 0x0000000707a00000, 0x0000000707a00000|
| 123|0x0000000707b00000, 0x0000000707b00000, 0x0000000707c00000|  0%| F|  |TS  0|AC  0|TAMS 0x0000000707b00000, 0x0000000707b00000|
| 124|0x0000000707c00000, 0x0000000707c00000, 0x0000000707d00000|  0%| F|  |TS  0|AC  0|TAMS 0x0000000707c00000, 0x0000000707c00000|
| 125|0x0000000707d00000, 0x0000000707d00000, 0x0000000707e00000|  0%| F|  |TS  0|AC  0|TAMS 0x0000000707d00000, 0x0000000707d00000|
| 126|0x0000000707e00000, 0x0000000707e00000, 0x0000000707f00000|  0%| F|  |TS  0|AC  0|TAMS 0x0000000707e00000, 0x0000000707e00000|
| 127|0x0000000707f00000, 0x0000000707f00000, 0x0000000708000000|  0%| F|  |TS  0|AC  0|TAMS 0x0000000707f00000, 0x0000000707f00000|
| 128|0x0000000708000000, 0x0000000708000000, 0x0000000708100000|  0%| F|  |TS  0|AC  0|TAMS 0x0000000708000000, 0x0000000708000000|
| 129|0x0000000708100000, 0x0000000708100000, 0x0000000708200000|  0%| F|  |TS  0|AC  0|TAMS 0x0000000708100000, 0x0000000708100000|
| 130|0x0000000708200000, 0x0000000708200000, 0x0000000708300000|  0%| F|  |TS  0|AC  0|TAMS 0x0000000708200000, 0x0000000708200000|
| 131|0x0000000708300000, 0x0000000708300000, 0x0000000708400000|  0%| F|  |TS  0|AC  0|TAMS 0x0000000708300000, 0x0000000708300000|
| 132|0x0000000708400000, 0x0000000708400000, 0x0000000708500000|  0%| F|  |TS  0|AC  0|TAMS 0x0000000708400000, 0x0000000708400000|
| 133|0x0000000708500000, 0x0000000708500000, 0x0000000708600000|  0%| F|  |TS  0|AC  0|TAMS 0x0000000708500000, 0x0000000708500000|
| 134|0x0000000708600000, 0x0000000708600000, 0x0000000708700000|  0%| F|  |TS  0|AC  0|TAMS 0x0000000708600000, 0x0000000708600000|
| 135|0x0000000708700000, 0x0000000708700000, 0x0000000708800000|  0%| F|  |TS  0|AC  0|TAMS 0x0000000708700000, 0x0000000708700000|
| 136|0x0000000708800000, 0x0000000708800000, 0x0000000708900000|  0%| F|  |TS  0|AC  0|TAMS 0x0000000708800000, 0x0000000708800000|
| 137|0x0000000708900000, 0x0000000708900000, 0x0000000708a00000|  0%| F|  |TS  0|AC  0|TAMS 0x0000000708900000, 0x0000000708900000|
| 138|0x0000000708a00000, 0x0000000708a00000, 0x0000000708b00000|  0%| F|  |TS  0|AC  0|TAMS 0x0000000708a00000, 0x0000000708a00000|
| 139|0x0000000708b00000, 0x0000000708b00000, 0x0000000708c00000|  0%| F|  |TS  0|AC  0|TAMS 0x0000000708b00000, 0x0000000708b00000|
| 140|0x0000000708c00000, 0x0000000708c00000, 0x0000000708d00000|  0%| F|  |TS  0|AC  0|TAMS 0x0000000708c00000, 0x0000000708c00000|
| 141|0x0000000708d00000, 0x0000000708d00000, 0x0000000708e00000|  0%| F|  |TS  0|AC  0|TAMS 0x0000000708d00000, 0x0000000708d00000|
| 142|0x0000000708e00000, 0x0000000708e00000, 0x0000000708f00000|  0%| F|  |TS  0|AC  0|TAMS 0x0000000708e00000, 0x0000000708e00000|
| 143|0x0000000708f00000, 0x0000000708f00000, 0x0000000709000000|  0%| F|  |TS  0|AC  0|TAMS 0x0000000708f00000, 0x0000000708f00000|
| 144|0x0000000709000000, 0x0000000709000000, 0x0000000709100000|  0%| F|  |TS  0|AC  0|TAMS 0x0000000709000000, 0x0000000709000000|
| 145|0x0000000709100000, 0x0000000709100000, 0x0000000709200000|  0%| F|  |TS  0|AC  0|TAMS 0x0000000709100000, 0x0000000709100000|
| 146|0x0000000709200000, 0x0000000709200000, 0x0000000709300000|  0%| F|  |TS  0|AC  0|TAMS 0x0000000709200000, 0x0000000709200000|
| 147|0x0000000709300000, 0x0000000709300000, 0x0000000709400000|  0%| F|  |TS  0|AC  0|TAMS 0x0000000709300000, 0x0000000709300000|
| 148|0x0000000709400000, 0x0000000709400000, 0x0000000709500000|  0%| F|  |TS  0|AC  0|TAMS 0x0000000709400000, 0x0000000709400000|
| 149|0x0000000709500000, 0x0000000709500000, 0x0000000709600000|  0%| F|  |TS  0|AC  0|TAMS 0x0000000709500000, 0x0000000709500000|
| 150|0x0000000709600000, 0x0000000709600000, 0x0000000709700000|  0%| F|  |TS  0|AC  0|TAMS 0x0000000709600000, 0x0000000709600000|
| 151|0x0000000709700000, 0x0000000709700000, 0x0000000709800000|  0%| F|  |TS  0|AC  0|TAMS 0x0000000709700000, 0x0000000709700000|
| 152|0x0000000709800000, 0x0000000709800000, 0x0000000709900000|  0%| F|  |TS  0|AC  0|TAMS 0x0000000709800000, 0x0000000709800000|
| 153|0x0000000709900000, 0x0000000709900000, 0x0000000709a00000|  0%| F|  |TS  0|AC  0|TAMS 0x0000000709900000, 0x0000000709900000|
| 154|0x0000000709a00000, 0x0000000709a00000, 0x0000000709b00000|  0%| F|  |TS  0|AC  0|TAMS 0x0000000709a00000, 0x0000000709a00000|
| 155|0x0000000709b00000, 0x0000000709b00000, 0x0000000709c00000|  0%| F|  |TS  0|AC  0|TAMS 0x0000000709b00000, 0x0000000709b00000|
| 156|0x0000000709c00000, 0x0000000709c00000, 0x0000000709d00000|  0%| F|  |TS  0|AC  0|TAMS 0x0000000709c00000, 0x0000000709c00000|
| 157|0x0000000709d00000, 0x0000000709d00000, 0x0000000709e00000|  0%| F|  |TS  0|AC  0|TAMS 0x0000000709d00000, 0x0000000709d00000|
| 158|0x0000000709e00000, 0x0000000709e00000, 0x0000000709f00000|  0%| F|  |TS  0|AC  0|TAMS 0x0000000709e00000, 0x0000000709e00000|
| 159|0x0000000709f00000, 0x0000000709f00000, 0x000000070a000000|  0%| F|  |TS  0|AC  0|TAMS 0x0000000709f00000, 0x0000000709f00000|
| 160|0x000000070a000000, 0x000000070a000000, 0x000000070a100000|  0%| F|  |TS  0|AC  0|TAMS 0x000000070a000000, 0x000000070a000000|
| 161|0x000000070a100000, 0x000000070a100000, 0x000000070a200000|  0%| F|  |TS  0|AC  0|TAMS 0x000000070a100000, 0x000000070a100000|
| 162|0x000000070a200000, 0x000000070a200000, 0x000000070a300000|  0%| F|  |TS  0|AC  0|TAMS 0x000000070a200000, 0x000000070a200000|
| 163|0x000000070a300000, 0x000000070a300000, 0x000000070a400000|  0%| F|  |TS  0|AC  0|TAMS 0x000000070a300000, 0x000000070a300000|
| 164|0x000000070a400000, 0x000000070a400000, 0x000000070a500000|  0%| F|  |TS  0|AC  0|TAMS 0x000000070a400000, 0x000000070a400000|
| 165|0x000000070a500000, 0x000000070a500000, 0x000000070a600000|  0%| F|  |TS  0|AC  0|TAMS 0x000000070a500000, 0x000000070a500000|
| 166|0x000000070a600000, 0x000000070a600000, 0x000000070a700000|  0%| F|  |TS  0|AC  0|TAMS 0x000000070a600000, 0x000000070a600000|
| 167|0x000000070a700000, 0x000000070a700000, 0x000000070a800000|  0%| F|  |TS  0|AC  0|TAMS 0x000000070a700000, 0x000000070a700000|
| 168|0x000000070a800000, 0x000000070a800000, 0x000000070a900000|  0%| F|  |TS  0|AC  0|TAMS 0x000000070a800000, 0x000000070a800000|
| 169|0x000000070a900000, 0x000000070a900000, 0x000000070aa00000|  0%| F|  |TS  0|AC  0|TAMS 0x000000070a900000, 0x000000070a900000|
| 170|0x000000070aa00000, 0x000000070aa00000, 0x000000070ab00000|  0%| F|  |TS  0|AC  0|TAMS 0x000000070aa00000, 0x000000070aa00000|
| 171|0x000000070ab00000, 0x000000070ab00000, 0x000000070ac00000|  0%| F|  |TS  0|AC  0|TAMS 0x000000070ab00000, 0x000000070ab00000|
| 172|0x000000070ac00000, 0x000000070ac00000, 0x000000070ad00000|  0%| F|  |TS  0|AC  0|TAMS 0x000000070ac00000, 0x000000070ac00000|
| 173|0x000000070ad00000, 0x000000070ad00000, 0x000000070ae00000|  0%| F|  |TS  0|AC  0|TAMS 0x000000070ad00000, 0x000000070ad00000|
| 174|0x000000070ae00000, 0x000000070ae00000, 0x000000070af00000|  0%| F|  |TS  0|AC  0|TAMS 0x000000070ae00000, 0x000000070ae00000|
| 175|0x000000070af00000, 0x000000070af00000, 0x000000070b000000|  0%| F|  |TS  0|AC  0|TAMS 0x000000070af00000, 0x000000070af00000|
| 176|0x000000070b000000, 0x000000070b000000, 0x000000070b100000|  0%| F|  |TS  0|AC  0|TAMS 0x000000070b000000, 0x000000070b000000|
| 177|0x000000070b100000, 0x000000070b100000, 0x000000070b200000|  0%| F|  |TS  0|AC  0|TAMS 0x000000070b100000, 0x000000070b100000|
| 178|0x000000070b200000, 0x000000070b200000, 0x000000070b300000|  0%| F|  |TS  0|AC  0|TAMS 0x000000070b200000, 0x000000070b200000|
| 179|0x000000070b300000, 0x000000070b300000, 0x000000070b400000|  0%| F|  |TS  0|AC  0|TAMS 0x000000070b300000, 0x000000070b300000|
| 180|0x000000070b400000, 0x000000070b400000, 0x000000070b500000|  0%| F|  |TS  0|AC  0|TAMS 0x000000070b400000, 0x000000070b400000|
| 181|0x000000070b500000, 0x000000070b500000, 0x000000070b600000|  0%| F|  |TS  0|AC  0|TAMS 0x000000070b500000, 0x000000070b500000|
| 182|0x000000070b600000, 0x000000070b600000, 0x000000070b700000|  0%| F|  |TS  0|AC  0|TAMS 0x000000070b600000, 0x000000070b600000|
| 183|0x000000070b700000, 0x000000070b700000, 0x000000070b800000|  0%| F|  |TS  0|AC  0|TAMS 0x000000070b700000, 0x000000070b700000|
| 184|0x000000070b800000, 0x000000070b800000, 0x000000070b900000|  0%| F|  |TS  0|AC  0|TAMS 0x000000070b800000, 0x000000070b800000|
| 185|0x000000070b900000, 0x000000070b900000, 0x000000070ba00000|  0%| F|  |TS  0|AC  0|TAMS 0x000000070b900000, 0x000000070b900000|
| 186|0x000000070ba00000, 0x000000070ba00000, 0x000000070bb00000|  0%| F|  |TS  0|AC  0|TAMS 0x000000070ba00000, 0x000000070ba00000|
| 187|0x000000070bb00000, 0x000000070bb00000, 0x000000070bc00000|  0%| F|  |TS  0|AC  0|TAMS 0x000000070bb00000, 0x000000070bb00000|
| 188|0x000000070bc00000, 0x000000070bc00000, 0x000000070bd00000|  0%| F|  |TS  0|AC  0|TAMS 0x000000070bc00000, 0x000000070bc00000|
| 189|0x000000070bd00000, 0x000000070bd00000, 0x000000070be00000|  0%| F|  |TS  0|AC  0|TAMS 0x000000070bd00000, 0x000000070bd00000|
| 190|0x000000070be00000, 0x000000070be00000, 0x000000070bf00000|  0%| F|  |TS  0|AC  0|TAMS 0x000000070be00000, 0x000000070be00000|
| 191|0x000000070bf00000, 0x000000070bf00000, 0x000000070c000000|  0%| F|  |TS  0|AC  0|TAMS 0x000000070bf00000, 0x000000070bf00000|
| 192|0x000000070c000000, 0x000000070c000000, 0x000000070c100000|  0%| F|  |TS  0|AC  0|TAMS 0x000000070c000000, 0x000000070c000000|
| 193|0x000000070c100000, 0x000000070c100000, 0x000000070c200000|  0%| F|  |TS  0|AC  0|TAMS 0x000000070c100000, 0x000000070c100000|
| 194|0x000000070c200000, 0x000000070c200000, 0x000000070c300000|  0%| F|  |TS 33|AC  0|TAMS 0x000000070c200000, 0x000000070c200000|
| 195|0x000000070c300000, 0x000000070c300000, 0x000000070c400000|  0%| F|  |TS 37|AC  0|TAMS 0x000000070c300000, 0x000000070c300000|
| 196|0x000000070c400000, 0x000000070c400000, 0x000000070c500000|  0%| F|  |TS 37|AC  0|TAMS 0x000000070c400000, 0x000000070c400000|
| 197|0x000000070c500000, 0x000000070c500000, 0x000000070c600000|  0%| F|  |TS 37|AC  0|TAMS 0x000000070c500000, 0x000000070c500000|
| 198|0x000000070c600000, 0x000000070c6c8730, 0x000000070c700000| 78%| S|CS|TS 37|AC  0|TAMS 0x000000070c600000, 0x000000070c600000|
| 199|0x000000070c700000, 0x000000070c800000, 0x000000070c800000|100%| S|CS|TS 37|AC  0|TAMS 0x000000070c700000, 0x000000070c700000|
| 200|0x000000070c800000, 0x000000070c900000, 0x000000070c900000|100%| S|CS|TS 37|AC  0|TAMS 0x000000070c800000, 0x000000070c800000|
| 201|0x000000070c900000, 0x000000070c900000, 0x000000070ca00000|  0%| F|  |TS 37|AC  0|TAMS 0x000000070c900000, 0x000000070c900000|
| 202|0x000000070ca00000, 0x000000070ca00000, 0x000000070cb00000|  0%| F|  |TS 37|AC  0|TAMS 0x000000070ca00000, 0x000000070ca00000|
| 203|0x000000070cb00000, 0x000000070cb00000, 0x000000070cc00000|  0%| F|  |TS 37|AC  0|TAMS 0x000000070cb00000, 0x000000070cb00000|
| 204|0x000000070cc00000, 0x000000070cc00000, 0x000000070cd00000|  0%| F|  |TS 37|AC  0|TAMS 0x000000070cc00000, 0x000000070cc00000|
| 205|0x000000070cd00000, 0x000000070cd00000, 0x000000070ce00000|  0%| F|  |TS 37|AC  0|TAMS 0x000000070cd00000, 0x000000070cd00000|
| 206|0x000000070ce00000, 0x000000070ce00000, 0x000000070cf00000|  0%| F|  |TS 37|AC  0|TAMS 0x000000070ce00000, 0x000000070ce00000|
| 207|0x000000070cf00000, 0x000000070cf00000, 0x000000070d000000|  0%| F|  |TS 37|AC  0|TAMS 0x000000070cf00000, 0x000000070cf00000|
| 208|0x000000070d000000, 0x000000070d000000, 0x000000070d100000|  0%| F|  |TS 37|AC  0|TAMS 0x000000070d000000, 0x000000070d000000|
| 209|0x000000070d100000, 0x000000070d100000, 0x000000070d200000|  0%| F|  |TS 37|AC  0|TAMS 0x000000070d100000, 0x000000070d100000|
| 210|0x000000070d200000, 0x000000070d200000, 0x000000070d300000|  0%| F|  |TS 37|AC  0|TAMS 0x000000070d200000, 0x000000070d200000|
| 211|0x000000070d300000, 0x000000070d300000, 0x000000070d400000|  0%| F|  |TS 37|AC  0|TAMS 0x000000070d300000, 0x000000070d300000|
| 212|0x000000070d400000, 0x000000070d400000, 0x000000070d500000|  0%| F|  |TS 37|AC  0|TAMS 0x000000070d400000, 0x000000070d400000|
| 213|0x000000070d500000, 0x000000070d500000, 0x000000070d600000|  0%| F|  |TS 37|AC  0|TAMS 0x000000070d500000, 0x000000070d500000|
| 214|0x000000070d600000, 0x000000070d600000, 0x000000070d700000|  0%| F|  |TS 37|AC  0|TAMS 0x000000070d600000, 0x000000070d600000|
| 215|0x000000070d700000, 0x000000070d700000, 0x000000070d800000|  0%| F|  |TS 37|AC  0|TAMS 0x000000070d700000, 0x000000070d700000|
| 216|0x000000070d800000, 0x000000070d800000, 0x000000070d900000|  0%| F|  |TS 37|AC  0|TAMS 0x000000070d800000, 0x000000070d800000|
| 217|0x000000070d900000, 0x000000070d900000, 0x000000070da00000|  0%| F|  |TS 37|AC  0|TAMS 0x000000070d900000, 0x000000070d900000|
| 218|0x000000070da00000, 0x000000070da00000, 0x000000070db00000|  0%| F|  |TS 37|AC  0|TAMS 0x000000070da00000, 0x000000070da00000|
| 219|0x000000070db00000, 0x000000070db00000, 0x000000070dc00000|  0%| F|  |TS 37|AC  0|TAMS 0x000000070db00000, 0x000000070db00000|
| 220|0x000000070dc00000, 0x000000070dc00000, 0x000000070dd00000|  0%| F|  |TS 37|AC  0|TAMS 0x000000070dc00000, 0x000000070dc00000|
| 221|0x000000070dd00000, 0x000000070dd00000, 0x000000070de00000|  0%| F|  |TS 37|AC  0|TAMS 0x000000070dd00000, 0x000000070dd00000|
| 222|0x000000070de00000, 0x000000070de00000, 0x000000070df00000|  0%| F|  |TS 37|AC  0|TAMS 0x000000070de00000, 0x000000070de00000|
| 223|0x000000070df00000, 0x000000070df00000, 0x000000070e000000|  0%| F|  |TS 37|AC  0|TAMS 0x000000070df00000, 0x000000070df00000|
| 224|0x000000070e000000, 0x000000070e000000, 0x000000070e100000|  0%| F|  |TS 37|AC  0|TAMS 0x000000070e000000, 0x000000070e000000|
| 225|0x000000070e100000, 0x000000070e100000, 0x000000070e200000|  0%| F|  |TS 37|AC  0|TAMS 0x000000070e100000, 0x000000070e100000|
| 226|0x000000070e200000, 0x000000070e200000, 0x000000070e300000|  0%| F|  |TS 37|AC  0|TAMS 0x000000070e200000, 0x000000070e200000|
| 227|0x000000070e300000, 0x000000070e345cf8, 0x000000070e400000| 27%| E|  |TS 37|AC  0|TAMS 0x000000070e300000, 0x000000070e300000|
| 228|0x000000070e400000, 0x000000070e500000, 0x000000070e500000|100%| E|CS|TS 37|AC  0|TAMS 0x000000070e400000, 0x000000070e400000|
| 229|0x000000070e500000, 0x000000070e600000, 0x000000070e600000|100%| E|CS|TS 37|AC  0|TAMS 0x000000070e500000, 0x000000070e500000|
| 230|0x000000070e600000, 0x000000070e700000, 0x000000070e700000|100%| E|CS|TS 37|AC  0|TAMS 0x000000070e600000, 0x000000070e600000|
| 231|0x000000070e700000, 0x000000070e800000, 0x000000070e800000|100%| E|CS|TS 37|AC  0|TAMS 0x000000070e700000, 0x000000070e700000|
| 232|0x000000070e800000, 0x000000070e900000, 0x000000070e900000|100%| E|CS|TS 37|AC  0|TAMS 0x000000070e800000, 0x000000070e800000|
| 233|0x000000070e900000, 0x000000070ea00000, 0x000000070ea00000|100%| E|CS|TS 37|AC  0|TAMS 0x000000070e900000, 0x000000070e900000|
| 234|0x000000070ea00000, 0x000000070eb00000, 0x000000070eb00000|100%| E|CS|TS 37|AC  0|TAMS 0x000000070ea00000, 0x000000070ea00000|
| 235|0x000000070eb00000, 0x000000070ec00000, 0x000000070ec00000|100%| E|CS|TS 37|AC  0|TAMS 0x000000070eb00000, 0x000000070eb00000|
| 236|0x000000070ec00000, 0x000000070ed00000, 0x000000070ed00000|100%| E|CS|TS 37|AC  0|TAMS 0x000000070ec00000, 0x000000070ec00000|
| 237|0x000000070ed00000, 0x000000070ee00000, 0x000000070ee00000|100%| E|CS|TS 37|AC  0|TAMS 0x000000070ed00000, 0x000000070ed00000|
| 238|0x000000070ee00000, 0x000000070ef00000, 0x000000070ef00000|100%| E|CS|TS 37|AC  0|TAMS 0x000000070ee00000, 0x000000070ee00000|
| 239|0x000000070ef00000, 0x000000070f000000, 0x000000070f000000|100%| E|CS|TS 37|AC  0|TAMS 0x000000070ef00000, 0x000000070ef00000|
| 240|0x000000070f000000, 0x000000070f100000, 0x000000070f100000|100%| E|CS|TS 37|AC  0|TAMS 0x000000070f000000, 0x000000070f000000|
| 241|0x000000070f100000, 0x000000070f200000, 0x000000070f200000|100%| E|CS|TS 37|AC  0|TAMS 0x000000070f100000, 0x000000070f100000|
| 242|0x000000070f200000, 0x000000070f300000, 0x000000070f300000|100%| E|CS|TS 37|AC  0|TAMS 0x000000070f200000, 0x000000070f200000|
| 243|0x000000070f300000, 0x000000070f400000, 0x000000070f400000|100%| E|CS|TS 37|AC  0|TAMS 0x000000070f300000, 0x000000070f300000|
| 244|0x000000070f400000, 0x000000070f500000, 0x000000070f500000|100%| E|CS|TS 37|AC  0|TAMS 0x000000070f400000, 0x000000070f400000|
| 245|0x000000070f500000, 0x000000070f600000, 0x000000070f600000|100%| E|CS|TS 37|AC  0|TAMS 0x000000070f500000, 0x000000070f500000|
| 246|0x000000070f600000, 0x000000070f700000, 0x000000070f700000|100%| E|CS|TS 37|AC  0|TAMS 0x000000070f600000, 0x000000070f600000|
| 247|0x000000070f700000, 0x000000070f800000, 0x000000070f800000|100%| E|CS|TS 37|AC  0|TAMS 0x000000070f700000, 0x000000070f700000|
| 248|0x000000070f800000, 0x000000070f900000, 0x000000070f900000|100%| E|CS|TS 37|AC  0|TAMS 0x000000070f800000, 0x000000070f800000|
| 249|0x000000070f900000, 0x000000070fa00000, 0x000000070fa00000|100%| E|CS|TS 37|AC  0|TAMS 0x000000070f900000, 0x000000070f900000|
| 250|0x000000070fa00000, 0x000000070fb00000, 0x000000070fb00000|100%| E|CS|TS 37|AC  0|TAMS 0x000000070fa00000, 0x000000070fa00000|
| 251|0x000000070fb00000, 0x000000070fc00000, 0x000000070fc00000|100%| E|CS|TS 37|AC  0|TAMS 0x000000070fb00000, 0x000000070fb00000|
| 252|0x000000070fc00000, 0x000000070fd00000, 0x000000070fd00000|100%| E|CS|TS 37|AC  0|TAMS 0x000000070fc00000, 0x000000070fc00000|
| 253|0x000000070fd00000, 0x000000070fe00000, 0x000000070fe00000|100%| E|CS|TS 37|AC  0|TAMS 0x000000070fd00000, 0x000000070fd00000|
| 254|0x000000070fe00000, 0x000000070ff00000, 0x000000070ff00000|100%| E|CS|TS 37|AC  0|TAMS 0x000000070fe00000, 0x000000070fe00000|
| 255|0x000000070ff00000, 0x0000000710000000, 0x0000000710000000|100%| E|CS|TS 37|AC  0|TAMS 0x000000070ff00000, 0x000000070ff00000|
| 256|0x0000000710000000, 0x0000000710100000, 0x0000000710100000|100%| E|CS|TS 37|AC  0|TAMS 0x0000000710000000, 0x0000000710000000|
| 257|0x0000000710100000, 0x0000000710200000, 0x0000000710200000|100%| E|CS|TS 37|AC  0|TAMS 0x0000000710100000, 0x0000000710100000|

Card table byte_map: [0x00000203b8c80000,0x00000203b9280000] byte_map_base: 0x00000203b5480000

Marking Bits (Prev, Next): (CMBitMap*) 0x00000203b7288988, (CMBitMap*) 0x00000203b7288950
 Prev Bits: [0x00000203d5620000, 0x00000203d8620000)
 Next Bits: [0x00000203d2620000, 0x00000203d5620000)

Polling page: 0x00000203ad330000

CodeHeap 'non-profiled nmethods': size=120064Kb used=25198Kb max_used=27719Kb free=94865Kb
 bounds [0x00000203cb0e0000, 0x00000203ccc00000, 0x00000203d2620000]
CodeHeap 'profiled nmethods': size=120000Kb used=46227Kb max_used=46997Kb free=73772Kb
 bounds [0x00000203c3bb0000, 0x00000203c69f0000, 0x00000203cb0e0000]
CodeHeap 'non-nmethods': size=5696Kb used=1826Kb max_used=1885Kb free=3869Kb
 bounds [0x00000203c3620000, 0x00000203c3890000, 0x00000203c3bb0000]
 total_blobs=39593 nmethods=19527 adapters=1177
 compilation: enabled

Compilation events (10 events):
Event: 8828.382 Thread 0x00000203b3067000 26917   !   4       sun.swing.SwingUtilities2::drawStringUnderlineCharAt (276 bytes)
Event: 8828.385 Thread 0x00000203b758c800 nmethod 26913 0x00000203c64f8490 code [0x00000203c64f8fe0, 0x00000203c6502510]
Event: 8828.385 Thread 0x00000203b758c800 26918       3       javax.swing.tree.DefaultTreeCellRenderer::firePropertyChange (1 bytes)
Event: 8828.386 Thread 0x00000203b758c800 nmethod 26918 0x00000203c3c05110 code [0x00000203c3c052c0, 0x00000203c3c05418]
Event: 8828.386 Thread 0x00000203b758c800 26914       1       ui.views.waveform.f.w::a (5 bytes)
Event: 8828.386 Thread 0x00000203b758c800 nmethod 26914 0x00000203cb369890 code [0x00000203cb369a40, 0x00000203cb369b38]
Event: 8828.422 Thread 0x00000203b3067000 nmethod 26917 0x00000203cb5a7890 code [0x00000203cb5a7ba0, 0x00000203cb5aa120]
Event: 8828.438 Thread 0x00000203b4dc8800 nmethod 26916 0x00000203cb901b90 code [0x00000203cb901fc0, 0x00000203cb904c00]
Event: 8828.449 Thread 0x00000203b3067000 26920       4       ui.views.G.k::dVe (48 bytes)
Event: 8828.452 Thread 0x00000203b3067000 nmethod 26920 0x00000203cb5a7190 code [0x00000203cb5a7360, 0x00000203cb5a75b0]

GC Heap History (10 events):
Event: 8818.268 GC heap before
{Heap before GC invocations=706 (full 10):
 garbage-first heap   total 264192K, used 144008K [0x0000000700000000, 0x0000000700100810, 0x00000007c0000000)
  region size 1024K, 60 young (61440K), 4 survivors (4096K)
 Metaspace       used 90804K, capacity 94263K, committed 98012K, reserved 1134592K
  class space    used 12327K, capacity 12976K, committed 13820K, reserved 1048576K
}
Event: 8818.273 GC heap after
{Heap after GC invocations=707 (full 10):
 garbage-first heap   total 264192K, used 86464K [0x0000000700000000, 0x0000000700100810, 0x00000007c0000000)
  region size 1024K, 3 young (3072K), 3 survivors (3072K)
 Metaspace       used 90804K, capacity 94263K, committed 98012K, reserved 1134592K
  class space    used 12327K, capacity 12976K, committed 13820K, reserved 1048576K
}
Event: 8822.420 GC heap before
{Heap before GC invocations=707 (full 10):
 garbage-first heap   total 264192K, used 144832K [0x0000000700000000, 0x0000000700100810, 0x00000007c0000000)
  region size 1024K, 60 young (61440K), 3 survivors (3072K)
 Metaspace       used 90924K, capacity 94333K, committed 98268K, reserved 1134592K
  class space    used 12328K, capacity 12977K, committed 13820K, reserved 1048576K
}
Event: 8822.427 GC heap after
{Heap after GC invocations=708 (full 10):
 garbage-first heap   total 264192K, used 87013K [0x0000000700000000, 0x0000000700100810, 0x00000007c0000000)
  region size 1024K, 4 young (4096K), 4 survivors (4096K)
 Metaspace       used 90924K, capacity 94333K, committed 98268K, reserved 1134592K
  class space    used 12328K, capacity 12977K, committed 13820K, reserved 1048576K
}
Event: 8825.201 GC heap before
{Heap before GC invocations=708 (full 10):
 garbage-first heap   total 264192K, used 144357K [0x0000000700000000, 0x0000000700100810, 0x00000007c0000000)
  region size 1024K, 60 young (61440K), 4 survivors (4096K)
 Metaspace       used 90938K, capacity 94333K, committed 98268K, reserved 1134592K
  class space    used 12328K, capacity 12977K, committed 13820K, reserved 1048576K
}
Event: 8825.216 GC heap after
{Heap after GC invocations=709 (full 10):
 garbage-first heap   total 264192K, used 86614K [0x0000000700000000, 0x0000000700100810, 0x00000007c0000000)
  region size 1024K, 3 young (3072K), 3 survivors (3072K)
 Metaspace       used 90938K, capacity 94333K, committed 98268K, reserved 1134592K
  class space    used 12328K, capacity 12977K, committed 13820K, reserved 1048576K
}
Event: 8827.268 GC heap before
{Heap before GC invocations=709 (full 10):
 garbage-first heap   total 264192K, used 144982K [0x0000000700000000, 0x0000000700100810, 0x00000007c0000000)
  region size 1024K, 60 young (61440K), 3 survivors (3072K)
 Metaspace       used 90958K, capacity 94409K, committed 98268K, reserved 1134592K
  class space    used 12329K, capacity 12979K, committed 13820K, reserved 1048576K
}
Event: 8827.274 GC heap after
{Heap after GC invocations=710 (full 10):
 garbage-first heap   total 264192K, used 86701K [0x0000000700000000, 0x0000000700100810, 0x00000007c0000000)
  region size 1024K, 3 young (3072K), 3 survivors (3072K)
 Metaspace       used 90958K, capacity 94409K, committed 98268K, reserved 1134592K
  class space    used 12329K, capacity 12979K, committed 13820K, reserved 1048576K
}
Event: 8827.622 GC heap before
{Heap before GC invocations=710 (full 10):
 garbage-first heap   total 264192K, used 145069K [0x0000000700000000, 0x0000000700100810, 0x00000007c0000000)
  region size 1024K, 60 young (61440K), 3 survivors (3072K)
 Metaspace       used 90971K, capacity 94409K, committed 98268K, reserved 1134592K
  class space    used 12332K, capacity 12979K, committed 13820K, reserved 1048576K
}
Event: 8827.627 GC heap after
{Heap after GC invocations=711 (full 10):
 garbage-first heap   total 264192K, used 86683K [0x0000000700000000, 0x0000000700100810, 0x00000007c0000000)
  region size 1024K, 3 young (3072K), 3 survivors (3072K)
 Metaspace       used 90971K, capacity 94409K, committed 98268K, reserved 1134592K
  class space    used 12332K, capacity 12979K, committed 13820K, reserved 1048576K
}

Deoptimization events (10 events):
Event: 8827.616 Thread 0x00000203d970c000 Uncommon trap: reason=unstable_if action=reinterpret pc=0x00000203cbc64f70 method=javax.swing.tree.VariableHeightLayoutCache$TreeStateNode.hasValidSize()Z @ 4 c2
Event: 8827.616 Thread 0x00000203d970c000 Uncommon trap: reason=unstable_if action=reinterpret pc=0x00000203cca42120 method=javax.swing.JTree.setExpandedState(Ljavax/swing/tree/TreePath;Z)V @ 17 c2
Event: 8827.621 Thread 0x00000203d970c000 Uncommon trap: reason=unstable_if action=reinterpret pc=0x00000203cc7a876c method=com.jidesoft.grid.JideTable.getRowHeight(I)I @ 12 c2
Event: 8827.622 Thread 0x00000203d970c000 Uncommon trap: reason=unstable_if action=reinterpret pc=0x00000203cca3a1ec method=com.jidesoft.grid.JideTable.getRowHeight(I)I @ 12 c2
Event: 8827.630 Thread 0x00000203d970c000 Uncommon trap: reason=unstable_if action=reinterpret pc=0x00000203cc9baed8 method=de.javasoft.plaf.synthetica.painter.LabelPainter.paintLabelBackground(Ljavax/swing/plaf/synth/SynthContext;Ljava/awt/Graphics;IIII)V @ 428 c2
Event: 8827.631 Thread 0x00000203d970c000 Uncommon trap: reason=speculate_class_check action=maybe_recompile pc=0x00000203cc5fd040 method=javax.swing.plaf.basic.BasicTreeUI.paintExpandControl(Ljava/awt/Graphics;Ljava/awt/Rectangle;Ljava/awt/Insets;Ljava/awt/Rectangle;Ljavax/swing/tree/TreePath;IZ
Event: 8827.631 Thread 0x00000203d970c000 Uncommon trap: reason=speculate_class_check action=maybe_recompile pc=0x00000203cc5fd040 method=javax.swing.plaf.basic.BasicTreeUI.paintExpandControl(Ljava/awt/Graphics;Ljava/awt/Rectangle;Ljava/awt/Insets;Ljava/awt/Rectangle;Ljavax/swing/tree/TreePath;IZ
Event: 8827.631 Thread 0x00000203d970c000 Uncommon trap: reason=speculate_class_check action=maybe_recompile pc=0x00000203cc5fd040 method=javax.swing.plaf.basic.BasicTreeUI.paintExpandControl(Ljava/awt/Graphics;Ljava/awt/Rectangle;Ljava/awt/Insets;Ljava/awt/Rectangle;Ljavax/swing/tree/TreePath;IZ
Event: 8827.631 Thread 0x00000203d970c000 Uncommon trap: reason=speculate_class_check action=maybe_recompile pc=0x00000203cc5fd040 method=javax.swing.plaf.basic.BasicTreeUI.paintExpandControl(Ljava/awt/Graphics;Ljava/awt/Rectangle;Ljava/awt/Insets;Ljava/awt/Rectangle;Ljavax/swing/tree/TreePath;IZ
Event: 8827.637 Thread 0x00000203d970c000 Uncommon trap: reason=bimorphic_or_optimized_type_check action=maybe_recompile pc=0x00000203cc5e4098 method=ui.views.V.a.A(Lui/views/aP;)Z @ 5 c2

Classes redefined (0 events):
No events

Internal exceptions (10 events):
Event: 8711.622 Thread 0x00000203d970c000 Implicit null exception at 0x00000203cc7535ac to 0x00000203cc753629
Event: 8711.789 Thread 0x00000203d970c000 Implicit null exception at 0x00000203cc9384ac to 0x00000203cc9387f9
Event: 8816.083 Thread 0x00000203d970c000 Exception <a 'java/lang/NoSuchMethodError'{0x000000070ddd7c50}: method resolution failed> (0x000000070ddd7c50) thrown at [t:/workspace/hotspot/src/share/vm/prims/methodHandles.cpp, line 1256]
Event: 8816.083 Thread 0x00000203d970c000 Exception <a 'java/lang/NoSuchMethodError'{0x000000070dddbd88}: java.lang.invoke.DelegatingMethodHandle$Holder.reinvoke_L(Ljava/lang/Object;Ljava/lang/Object;IILjava/lang/Object;Ljava/lang/Object;ILjava/lang/Object;II)Ljava/lang/Object;> (0x000000070dddbd
Event: 8816.089 Thread 0x00000203d970c000 Exception <a 'java/lang/NoSuchMethodError'{0x000000070dc48a60}: java.lang.invoke.DirectMethodHandle$Holder.invokeSpecial(Ljava/lang/Object;Ljava/lang/Object;IIILjava/lang/Object;Ljava/lang/Object;ILjava/lang/Object;II)Ljava/lang/Object;> (0x000000070dc48a
Event: 8816.089 Thread 0x00000203d970c000 Exception <a 'java/lang/NoSuchMethodError'{0x000000070dc4c588}: java.lang.invoke.DelegatingMethodHandle$Holder.reinvoke_L(Ljava/lang/Object;IIILjava/lang/Object;Ljava/lang/Object;ILjava/lang/Object;II)Ljava/lang/Object;> (0x000000070dc4c588) thrown at [t:
Event: 8816.091 Thread 0x00000203d970c000 Exception <a 'java/lang/NoSuchMethodError'{0x000000070dc6a848}: method resolution failed> (0x000000070dc6a848) thrown at [t:/workspace/hotspot/src/share/vm/prims/methodHandles.cpp, line 1256]
Event: 8816.185 Thread 0x00000203d970c000 Exception <a 'java/lang/NoSuchMethodError'{0x000000070dc8d868}: java.lang.invoke.DirectMethodHandle$Holder.invokeSpecial(Ljava/lang/Object;Ljava/lang/Object;ILjava/lang/Object;)V> (0x000000070dc8d868) thrown at [t:/workspace/hotspot/src/share/vm/interpret
Event: 8816.186 Thread 0x00000203d970c000 Exception <a 'java/lang/NoSuchMethodError'{0x000000070dc93190}: java.lang.invoke.DirectMethodHandle$Holder.invokeStatic(Ljava/lang/Object;Ljava/lang/Object;ILjava/lang/Object;)Ljava/lang/Object;> (0x000000070dc93190) thrown at [t:/workspace/hotspot/src/sh
Event: 8817.976 Thread 0x00000203d970c000 Exception <a 'java/lang/NoSuchMethodError'{0x000000070cb2a210}: method resolution failed> (0x000000070cb2a210) thrown at [t:/workspace/hotspot/src/share/vm/prims/methodHandles.cpp, line 1256]

Events (10 events):
Event: 8828.359 Executing VM operation: RevokeBias
Event: 8828.359 Executing VM operation: RevokeBias done
Event: 8828.360 Executing VM operation: RevokeBias
Event: 8828.360 Executing VM operation: RevokeBias done
Event: 8828.462 Thread 0x00000203db2d3800 Thread added: 0x00000203db2d3800
Event: 8828.466 Executing VM operation: RevokeBias
Event: 8828.466 Executing VM operation: RevokeBias done
Event: 8828.466 Thread 0x00000203db2d3800 Thread exited: 0x00000203db2d3800
Event: 8829.226 Thread 0x00000203db2da000 Thread added: 0x00000203db2da000
Event: 8829.237 Thread 0x00000203db2da000 Thread exited: 0x00000203db2da000


Dynamic libraries:
0x00007ff713cb0000 - 0x00007ff713ce0000 	C:\Xilinx\Vivado\2019.1\bin\unwrapped\win64.o\vivado.exe
0x00007ff90ace0000 - 0x00007ff90aed0000 	C:\WINDOWS\SYSTEM32\ntdll.dll
0x00007ff90a9b0000 - 0x00007ff90aa62000 	C:\WINDOWS\System32\KERNEL32.DLL
0x00007ff907e80000 - 0x00007ff908123000 	C:\WINDOWS\System32\KERNELBASE.dll
0x00007ff907d00000 - 0x00007ff907dfa000 	C:\WINDOWS\System32\ucrtbase.dll
0x00007ff9035e0000 - 0x00007ff903679000 	C:\WINDOWS\SYSTEM32\MSVCP140.dll
0x00007ff903710000 - 0x00007ff903727000 	C:\WINDOWS\SYSTEM32\VCRUNTIME140.dll
0x00007ff901ee0000 - 0x00007ff901ef4000 	C:\Xilinx\Vivado\2019.1\lib\win64.o\librdi_commonmain.dll
0x00007ff8fa070000 - 0x00007ff8fa084000 	C:\Xilinx\Vivado\2019.1\lib\win64.o\libboost_signals.dll
0x00007ff8c87f0000 - 0x00007ff8c96d2000 	C:\Xilinx\Vivado\2019.1\lib\win64.o\librdi_common.dll
0x00007ff909e90000 - 0x00007ff90a024000 	C:\WINDOWS\System32\USER32.dll
0x00007ff907c70000 - 0x00007ff907c91000 	C:\WINDOWS\System32\win32u.dll
0x00007ff8f9f70000 - 0x00007ff8f9f96000 	C:\Xilinx\Vivado\2019.1\lib\win64.o\libboost_filesystem.dll
0x00007ff905a90000 - 0x00007ff905a9a000 	C:\Xilinx\Vivado\2019.1\lib\win64.o\librdi_commonversion.dll
0x00007ff90a3c0000 - 0x00007ff90a3e6000 	C:\WINDOWS\System32\GDI32.dll
0x00007ff909230000 - 0x00007ff9092d3000 	C:\WINDOWS\System32\ADVAPI32.dll
0x00007ff908bf0000 - 0x00007ff908d84000 	C:\WINDOWS\System32\gdi32full.dll
0x00007ff90a1d0000 - 0x00007ff90a26e000 	C:\WINDOWS\System32\msvcrt.dll
0x00007ff9083d0000 - 0x00007ff90846e000 	C:\WINDOWS\System32\msvcp_win.dll
0x00007ff90abf0000 - 0x00007ff90ac87000 	C:\WINDOWS\System32\sechost.dll
0x00007ff8eb8b0000 - 0x00007ff8eb9d1000 	C:\Xilinx\Vivado\2019.1\lib\win64.o\librdi_commonxillic.dll
0x00007ff90a890000 - 0x00007ff90a9b0000 	C:\WINDOWS\System32\RPCRT4.dll
0x00007ff909620000 - 0x00007ff909d05000 	C:\WINDOWS\System32\SHELL32.dll
0x0000000052810000 - 0x000000005293b000 	C:\Xilinx\Vivado\2019.1\lib\win64.o\tcl85t.dll
0x00007ff90a280000 - 0x00007ff90a2ef000 	C:\WINDOWS\System32\WS2_32.dll
0x00007ff907e30000 - 0x00007ff907e7a000 	C:\WINDOWS\System32\cfgmgr32.dll
0x00007ff908d90000 - 0x00007ff908e39000 	C:\WINDOWS\System32\shcore.dll
0x00007ff9092e0000 - 0x00007ff909616000 	C:\WINDOWS\System32\combase.dll
0x00007ff9081e0000 - 0x00007ff908260000 	C:\WINDOWS\System32\bcryptPrimitives.dll
0x00007ff8fa050000 - 0x00007ff8fa064000 	C:\Xilinx\Vivado\2019.1\lib\win64.o\libboost_date_time.dll
0x00007ff8ca920000 - 0x00007ff8cac8e000 	C:\Xilinx\Vivado\2019.1\lib\win64.o\libCOIN-all.dll
0x00007ff908470000 - 0x00007ff908bf0000 	C:\WINDOWS\System32\windows.storage.dll
0x00007ff907c40000 - 0x00007ff907c63000 	C:\WINDOWS\System32\profapi.dll
0x00007ff907bf0000 - 0x00007ff907c3a000 	C:\WINDOWS\System32\powrprof.dll
0x00007ff8f8b80000 - 0x00007ff8f8bff000 	C:\Xilinx\Vivado\2019.1\lib\win64.o\libboost_program_options.dll
0x00007ff8d8280000 - 0x00007ff8d8394000 	C:\Xilinx\Vivado\2019.1\lib\win64.o\libboost_regex.dll
0x00007ff907ba0000 - 0x00007ff907bb0000 	C:\WINDOWS\System32\UMPDC.dll
0x00007ff905a20000 - 0x00007ff905a2b000 	C:\Xilinx\Vivado\2019.1\lib\win64.o\libboost_system.dll
0x00007ff9091d0000 - 0x00007ff909222000 	C:\WINDOWS\System32\shlwapi.dll
0x00007ff907bd0000 - 0x00007ff907be1000 	C:\WINDOWS\System32\kernel.appcore.dll
0x00007ff908260000 - 0x00007ff908277000 	C:\WINDOWS\System32\cryptsp.dll
0x00007ff8f9c30000 - 0x00007ff8f9c51000 	C:\Xilinx\Vivado\2019.1\lib\win64.o\libboost_thread.dll
0x00007ff901e40000 - 0x00007ff901e4f000 	C:\Xilinx\Vivado\2019.1\lib\win64.o\libboost_xilinx.dll
0x00007ff8eb800000 - 0x00007ff8eb8a5000 	C:\Xilinx\Vivado\2019.1\lib\win64.o\libhdxml.dll
0x00007ff8f8c20000 - 0x00007ff8f8c4e000 	C:\Xilinx\Vivado\2019.1\lib\win64.o\libisl_sysinfo.dll
0x00007ff8c99c0000 - 0x00007ff8ca56f400 	C:\Xilinx\Vivado\2019.1\lib\win64.o\libisl_iostreams.dll
0x00007ff8eb3c0000 - 0x00007ff8eb425000 	C:\Xilinx\Vivado\2019.1\lib\win64.o\liblmx6.0.dll
0x00007ff8f88a0000 - 0x00007ff8f88ba000 	C:\Xilinx\Vivado\2019.1\lib\win64.o\pthreadVC2.dll
0x00007ff8f83d0000 - 0x00007ff8f83ec000 	C:\Xilinx\Vivado\2019.1\lib\win64.o\librdiconfig.dll
0x00007ff8f8200000 - 0x00007ff8f8221000 	C:\Xilinx\Vivado\2019.1\lib\win64.o\librdizlib.dll
0x0000000012000000 - 0x0000000012270000 	C:\Xilinx\Vivado\2019.1\lib\win64.o\xerces-c_3_1.dll
0x00007ff8e68c0000 - 0x00007ff8e68d7000 	C:\WINDOWS\SYSTEM32\NETAPI32.dll
0x00007ff8f3bd0000 - 0x00007ff8f40a5000 	C:\WINDOWS\SYSTEM32\WININET.dll
0x00007ff8f82c0000 - 0x00007ff8f83b0000 	C:\WINDOWS\SYSTEM32\WINHTTP.dll
0x00007ff8f51a0000 - 0x00007ff8f5375000 	C:\WINDOWS\SYSTEM32\urlmon.dll
0x00007ff8d18c0000 - 0x00007ff8d1b98000 	C:\Xilinx\Vivado\2019.1\lib\win64.o\libXil_lmgr11.dll
0x00007ff909100000 - 0x00007ff9091d0000 	C:\WINDOWS\System32\COMDLG32.dll
0x00007ff90a2f0000 - 0x00007ff90a3b4000 	C:\WINDOWS\System32\OLEAUT32.dll
0x00007ff90aa70000 - 0x00007ff90abc7000 	C:\WINDOWS\System32\ole32.dll
0x00007ff907ca0000 - 0x00007ff907cfc000 	C:\WINDOWS\System32\WINTRUST.dll
0x00007ff907bb0000 - 0x00007ff907bc2000 	C:\WINDOWS\System32\MSASN1.dll
0x00007ff908280000 - 0x00007ff9083c9000 	C:\WINDOWS\System32\CRYPT32.dll
0x00007ff8f68e0000 - 0x00007ff8f68e9000 	C:\WINDOWS\SYSTEM32\WSOCK32.dll
0x00007ff8c7950000 - 0x00007ff8c87e1000 	C:\Xilinx\Vivado\2019.1\lib\win64.o\gurobi65.dll
0x00007ff901c80000 - 0x00007ff901c8d000 	C:\Xilinx\Vivado\2019.1\lib\win64.o\libboost_chrono.dll
0x00007ff8f7b00000 - 0x00007ff8f7b28000 	C:\WINDOWS\SYSTEM32\VCOMP140.DLL
0x00007ff8f1980000 - 0x00007ff8f199b000 	C:\Xilinx\Vivado\2019.1\lib\win64.o\libboost_iostreams.dll
0x00007ff8f1900000 - 0x00007ff8f1925000 	C:\Xilinx\Vivado\2019.1\lib\win64.o\libisl_iosutils.dll
0x00007ff8f77d0000 - 0x00007ff8f7a76000 	C:\WINDOWS\SYSTEM32\iertutil.dll
0x00007ff8d3430000 - 0x00007ff8d34d9000 	C:\WINDOWS\WinSxS\amd64_microsoft.windows.common-controls_6595b64144ccf1df_5.82.18362.778_none_2a29d4a64667eb69\COMCTL32.dll
0x00007ff8fd200000 - 0x00007ff8fd21c000 	C:\WINDOWS\SYSTEM32\dhcpcsvc.DLL
0x00007ff909070000 - 0x00007ff909078000 	C:\WINDOWS\System32\NSI.dll
0x00007ff9075e0000 - 0x00007ff9075ec000 	C:\WINDOWS\SYSTEM32\CRYPTBASE.DLL
0x00007ff8ef850000 - 0x00007ff8ef8d2000 	C:\Xilinx\Vivado\2019.1\lib\win64.o\libhdlpsolve.dll
0x00007ff907230000 - 0x00007ff90723c000 	C:\WINDOWS\SYSTEM32\NETUTILS.DLL
0x00007ff90a3f0000 - 0x00007ff90a41e000 	C:\WINDOWS\System32\IMM32.DLL
0x00007ff8c7430000 - 0x00007ff8c7947000 	C:\Xilinx\Vivado\2019.1\lib\win64.o\librdi_commontasks.dll
0x00007ff8fee00000 - 0x00007ff8fee0a000 	C:\WINDOWS\SYSTEM32\VERSION.dll
0x00007ff8c9730000 - 0x00007ff8c99b6000 	C:\Xilinx\Vivado\2019.1\lib\win64.o\librdi_sio.dll
0x0000000051de0000 - 0x0000000052805000 	C:\Xilinx\Vivado\2019.1\tps\win64\jre9.0.4\bin\server\jvm.dll
0x00007ff90ac90000 - 0x00007ff90ac98000 	C:\WINDOWS\System32\PSAPI.DLL
0x00007ff907120000 - 0x00007ff90715a000 	C:\WINDOWS\SYSTEM32\IPHLPAPI.DLL
0x00007ff905970000 - 0x00007ff905994000 	C:\WINDOWS\SYSTEM32\WINMM.dll
0x00007ff8e24e0000 - 0x00007ff8e25cf000 	C:\WINDOWS\SYSTEM32\MSVCR120.dll
0x00007ff905810000 - 0x00007ff90583d000 	C:\WINDOWS\SYSTEM32\winmmbase.dll
0x00007ff907410000 - 0x00007ff907477000 	C:\WINDOWS\SYSTEM32\MSWSOCK.DLL
0x00007ff8c4f70000 - 0x00007ff8c742c000 	C:\Xilinx\Vivado\2019.1\lib\win64.o\librdi_tcltasks.dll
0x00007ff8eb2c0000 - 0x00007ff8eb338000 	C:\Xilinx\Vivado\2019.1\lib\win64.o\librdi_boarddep.dll
0x00007ff8c4b60000 - 0x00007ff8c4f68000 	C:\Xilinx\Vivado\2019.1\lib\win64.o\librdi_bitstream.dll
0x00007ff8d5b60000 - 0x00007ff8d5cf1000 	C:\Xilinx\Vivado\2019.1\lib\win64.o\librdi_board.dll
0x00007ff8e1890000 - 0x00007ff8e197b000 	C:\Xilinx\Vivado\2019.1\lib\win64.o\librdi_chipscope.dll
0x00007ff8c49a0000 - 0x00007ff8c4b5d000 	C:\Xilinx\Vivado\2019.1\lib\win64.o\librdi_chipscopeimpl.dll
0x00007ff8d58d0000 - 0x00007ff8d5a26000 	C:\Xilinx\Vivado\2019.1\lib\win64.o\librdi_containers.dll
0x00007ff8bc090000 - 0x00007ff8bda7a000 	C:\Xilinx\Vivado\2019.1\lib\win64.o\librdi_constraints.dll
0x00007ff891600000 - 0x00007ff895643000 	C:\Xilinx\Vivado\2019.1\lib\win64.o\librdi_designutils.dll
0x00007ff8c4680000 - 0x00007ff8c499e000 	C:\Xilinx\Vivado\2019.1\lib\win64.o\librdi_dlyest.dll
0x00007ff8b7100000 - 0x00007ff8b8fb1000 	C:\Xilinx\Vivado\2019.1\lib\win64.o\librdi_coregen.dll
0x00007ff8bec10000 - 0x00007ff8bf2ea000 	C:\Xilinx\Vivado\2019.1\lib\win64.o\librdi_coregenipxact.dll
0x00007ff87f1d0000 - 0x00007ff8915fc000 	C:\Xilinx\Vivado\2019.1\lib\win64.o\librdi_device.dll
0x00007ff8e20d0000 - 0x00007ff8e2194000 	C:\Xilinx\Vivado\2019.1\lib\win64.o\librdi_dsp.dll
0x00007ff8bbaf0000 - 0x00007ff8bc08a000 	C:\Xilinx\Vivado\2019.1\lib\win64.o\librdi_drc.dll
0x00007ff8bb4a0000 - 0x00007ff8bbaed000 	C:\Xilinx\Vivado\2019.1\lib\win64.o\librdi_filemgmt.dll
0x00007ff8c4390000 - 0x00007ff8c4673000 	C:\Xilinx\Vivado\2019.1\lib\win64.o\librdi_guitools.dll
0x00007ff8e4ba0000 - 0x00007ff8e4c05000 	C:\Xilinx\Vivado\2019.1\lib\win64.o\librdi_hdf.dll
0x00007ff8e1e40000 - 0x00007ff8e1eb3000 	C:\Xilinx\Vivado\2019.1\lib\win64.o\librdi_memoryarray.dll
0x00007ff8b6ae0000 - 0x00007ff8b70f5000 	C:\Xilinx\Vivado\2019.1\lib\win64.o\librdi_memdata.dll
0x00007ff8b11c0000 - 0x00007ff8b2780000 	C:\Xilinx\Vivado\2019.1\lib\win64.o\librdi_implflow.dll
0x00007ff87c4e0000 - 0x00007ff87f1c6000 	C:\Xilinx\Vivado\2019.1\lib\win64.o\librdi_mig.dll
0x00007ff8f0fa0000 - 0x00007ff8f0feb000 	C:\Xilinx\Vivado\2019.1\lib\win64.o\librdi_pfi.dll
0x00007ff8b6430000 - 0x00007ff8b6ad2000 	C:\Xilinx\Vivado\2019.1\lib\win64.o\librdi_netlist.dll
0x00007ff8c0190000 - 0x00007ff8c049f000 	C:\Xilinx\Vivado\2019.1\lib\win64.o\librdi_platform.dll
0x00007ff8b5ce0000 - 0x00007ff8b642a000 	C:\Xilinx\Vivado\2019.1\lib\win64.o\librdi_power.dll
0x00007ff879e60000 - 0x00007ff87c4d6000 	C:\Xilinx\Vivado\2019.1\lib\win64.o\librdi_place.dll
0x00007ff8b9440000 - 0x00007ff8b99bf000 	C:\Xilinx\Vivado\2019.1\lib\win64.o\librdi_project.dll
0x00007ff8b50c0000 - 0x00007ff8b57c9000 	C:\Xilinx\Vivado\2019.1\lib\win64.o\librdi_psta.dll
0x00007ff8b9da0000 - 0x00007ff8ba191000 	C:\Xilinx\Vivado\2019.1\lib\win64.o\librdi_runs.dll
0x00007ff8b49b0000 - 0x00007ff8b50b6000 	C:\Xilinx\Vivado\2019.1\lib\win64.o\librdi_rsb.dll
0x00007ff8ca770000 - 0x00007ff8ca86a000 	C:\Xilinx\Vivado\2019.1\lib\win64.o\librdi_runsbase.dll
0x00007ff8c4210000 - 0x00007ff8c4382000 	C:\Xilinx\Vivado\2019.1\lib\win64.o\librdi_advchipscopeimpl.dll
0x00007ff8e1ad0000 - 0x00007ff8e1b1c000 	C:\Xilinx\Vivado\2019.1\lib\win64.o\libboost_serialization.dll
0x00007ff8be9b0000 - 0x00007ff8bec06000 	C:\Xilinx\Vivado\2019.1\lib\win64.o\librdi_simdata.dll
0x00007ff8a50b0000 - 0x00007ff8a5ec1000 	C:\Xilinx\Vivado\2019.1\lib\win64.o\librdi_timing.dll
0x00007ff8bb300000 - 0x00007ff8bb49f000 	C:\Xilinx\Vivado\2019.1\lib\win64.o\librdi_hip_devdesign.dll
0x00007ff8dad20000 - 0x00007ff8dade2000 	C:\Xilinx\Vivado\2019.1\lib\win64.o\librdi_ipconfig_readwrite.dll
0x00007ff8e1720000 - 0x00007ff8e1763000 	C:\Xilinx\Vivado\2019.1\lib\win64.o\librdi_noc_frameworks.dll
0x00007ff879310000 - 0x00007ff879e57000 	C:\Xilinx\Vivado\2019.1\lib\win64.o\libverific.dll
0x00007ff8b45c0000 - 0x00007ff8b49a5000 	C:\Xilinx\Vivado\2019.1\lib\win64.o\librdi_hip_config.dll
0x00007ff8b2b90000 - 0x00007ff8b30de000 	C:\Xilinx\Vivado\2019.1\lib\win64.o\librdi_xdm.dll

VM Arguments:
jvm_args: -Dsun.java2d.pmoffscreen=false -Dsun.java2d.xrender=false -Dsun.java2d.d3d=false -Dsun.awt.nopixfmt=true -Dsun.java2d.dpiaware=true -Dsun.java2d.uiScale.enabled=false -Xverify:none -Dswing.aatext=true -XX:-UsePerfData -Djdk.map.althashing.threshold=512 -XX:StringTableSize=4072 --add-opens=java.base/java.nio=ALL-UNNAMED --add-opens=java.desktop/sun.swing=ALL-UNNAMED --add-opens=java.desktop/javax.swing=ALL-UNNAMED --add-opens=java.desktop/javax.swing.tree=ALL-UNNAMED --add-opens=java.desktop/javax.swing.plaf.basic=ALL-UNNAMED --add-opens=java.desktop/javax.swing.plaf.synth=ALL-UNNAMED --add-opens=java.desktop/com.sun.awt=ALL-UNNAMED -XX:NewSize=60m -XX:MaxNewSize=60m -Xms128m -Xmx3072m -Xss5m 
java_command: <unknown>
java_class_path (initial): C:/Xilinx/Vivado/2019.1\lib\classes\alloy.jar;C:/Xilinx/Vivado/2019.1\lib\classes\autopilot.scelaborator.jar;C:/Xilinx/Vivado/2019.1\lib\classes\autopilot.sourceprocessor.jar;C:/Xilinx/Vivado/2019.1\lib\classes\autopilot.tbprocessor.jar;C:/Xilinx/Vivado/2019.1\lib\classes\batik-anim.jar;C:/Xilinx/Vivado/2019.1\lib\classes\batik-awt-util.jar;C:/Xilinx/Vivado/2019.1\lib\classes\batik-bridge.jar;C:/Xilinx/Vivado/2019.1\lib\classes\batik-codec.jar;C:/Xilinx/Vivado/2019.1\lib\classes\batik-css.jar;C:/Xilinx/Vivado/2019.1\lib\classes\batik-dom.jar;C:/Xilinx/Vivado/2019.1\lib\classes\batik-ext.jar;C:/Xilinx/Vivado/2019.1\lib\classes\batik-gui-util.jar;C:/Xilinx/Vivado/2019.1\lib\classes\batik-gvt.jar;C:/Xilinx/Vivado/2019.1\lib\classes\batik-parser.jar;C:/Xilinx/Vivado/2019.1\lib\classes\batik-script.jar;C:/Xilinx/Vivado/2019.1\lib\classes\batik-svg-dom.jar;C:/Xilinx/Vivado/2019.1\lib\classes\batik-swing.jar;C:/Xilinx/Vivado/2019.1\lib\classes\batik-transcoder.jar;C:/Xilinx/Vivado/2019.1\lib\classes\batik-util.jar;C:/Xilinx/Vivado/2019.1\lib\classes\batik-xml.jar;C:/Xilinx/Vivado/2019.1\lib\classes\com.google.gson_2.7.0.v20170129-0911.jar;C:/Xilinx/Vivado/2019.1\lib\classes\com.google.guava_21.0.0.v20170206-1425.jar;C:/Xilinx/Vivado/2019.1\lib\classes\com.google.inject_3.0.0.v201605172100.jar;C:/Xilinx/Vivado/2019.1\lib\classes\com.ibm.icu_4.4.2.v20110208.jar;C:/Xilinx/Vivado/2019.1\lib\classes\com.sigasi.hdt.annotations.runtime_4.3.0.201903071210.jar;C:/Xilinx/Vivado/2019.1\lib\classes\com.sigasi.hdt.blockdiagram.model_4.3.0.201903071210.jar;C:/Xilinx/Vivado/2019.1\lib\classes\com.sigasi.hdt.connection_4.3.0.201903071210.jar;C:/Xilinx/Vivado/2019.1\lib\classes\com.sigasi.hdt.dependencies.model_4.3.0.201903071210.jar;C:/Xilinx/Vivado/2019.1\lib\classes\com.sigasi.hdt.epl_4.3.0.201903071210.jar;C:/Xilinx/Vivado/2019.1\lib\classes\com.sigasi.hdt.graphics.model_4.3.0.201903071210.jar;C:/Xilinx/Vivado/2019.1\lib\classes\com.sigasi.hdt.project_4.3.0
Launcher Type: generic

Logging:
Log output configuration:
#0: stdout all=warning uptime,level,tags
#1: stderr all=off uptime,level,tags

Environment Variables:
PATH=C:/Xilinx/Vivado/2019.1/bin;C:/Xilinx/Vivado/2019.1/lib/win64.o;C:/Xilinx/Vivado/2019.1/tps/win64/jre9.0.4/bin/server;C:/Xilinx/Vivado/2019.1/tps/win64/jre9.0.4/bin;C:/Xilinx/SDK/2019.1/bin;C:/Xilinx/Vivado/2019.1/ids_lite/ISE/bin/nt64;C:/Xilinx/Vivado/2019.1/ids_lite/ISE/lib/nt64;C:\Program Files (x86)\Common Files\Oracle\Java\javapath;C:\Program Files (x86)\Intel\Intel(R) Management Engine Components\iCLS\;C:\Program Files\Intel\Intel(R) Management Engine Components\iCLS\;C:\Windows\system32;C:\Windows;C:\Windows\System32\Wbem;C:\Windows\System32\WindowsPowerShell\v1.0\;C:\Program Files (x86)\Intel\Intel(R) Management Engine Components\DAL;C:\Program Files\Intel\Intel(R) Management Engine Components\DAL;C:\Program Files (x86)\Intel\Intel(R) Management Engine Components\IPT;C:\Program Files\Intel\Intel(R) Management Engine Components\IPT;C:\Program Files\Intel\WiFi\bin\;C:\Program Files\Common Files\Intel\WirelessCommon\;C:\Program Files (x86)\NVIDIA Corporation\PhysX\Common;C:\WINDOWS\System32\OpenSSH\;C:\Program Files\Git\cmd;C:\Users\14158\AppData\Local\Microsoft\WindowsApps;C:\Users\Administrator\Ubuntu;C:\Users\14158\AppData\Local\Programs\Microsoft VS Code\bin;C:\Users\14158\AppData\Local\GitHubDesktop\bin;C:/Xilinx/Vivado/2019.1\tps\mingw\6.2.0\win64.o\nt\bin;C:/Xilinx/Vivado/2019.1\tps\mingw\6.2.0\win64.o\nt\libexec\gcc\x86_64-w64-mingw32\6.2.0;C:/Xilinx/Vivado/2019.1\tps\win64\python-2.7.5;C:/Xilinx/Vivado/2019.1\tps\win64\python-2.7.5\lib;C:/Xilinx/Vivado/2019.1\tps\win64\python-2.7.5\Lib\lib-tk;C:/Xilinx/Vivado/2019.1\tps\win64\python-2.7.5\lib\site-packages
USERNAME=Ankhbayar Baljinnyam
OS=Windows_NT
PROCESSOR_IDENTIFIER=Intel64 Family 6 Model 158 Stepping 9, GenuineIntel



---------------  S Y S T E M  ---------------

OS: Windows 10 , 64 bit Build 18362 (10.0.18362.778)

CPU:total 4 (initial active 4) (4 cores per cpu, 1 threads per core) family 6 model 158 stepping 9, cmov, cx8, fxsr, mmx, sse, sse2, sse3, ssse3, sse4.1, sse4.2, popcnt, avx, avx2, aes, clmul, erms, 3dnowpref, lzcnt, tsc, tscinvbit, bmi1, bmi2, adx, fma

Memory: 4k page, physical 8251860k(2030004k free), swap 12970452k(3226316k free)

vm_info: Java HotSpot(TM) 64-Bit Server VM (9.0.4+11) for windows-amd64 JRE (9.0.4+11), built on Dec 20 2017 02:18:54 by "mach5one" with MS VC++ 12.0 (VS2013)

END.
