#-----------------------------------------------------------
# Vivado v2019.1 (64-bit)
# SW Build 2552052 on Fri May 24 14:49:42 MDT 2019
# IP Build 2548770 on Fri May 24 18:01:18 MDT 2019
# Start of session at: Sun Apr 26 23:56:45 2020
# Process ID: 92724
# Current directory: D:/Documents/School/CMPE 140/CMPE140Labs/AnkhbayarLab8/Assignment5
# Command line: vivado.exe -gui_launcher_event rodinguilauncherevent92136 D:\Documents\School\CMPE 140\CMPE140Labs\AnkhbayarLab8\Assignment5\Assignment5.xpr
# Log file: D:/Documents/School/CMPE 140/CMPE140Labs/AnkhbayarLab8/Assignment5/vivado.log
# Journal file: D:/Documents/School/CMPE 140/CMPE140Labs/AnkhbayarLab8/Assignment5\vivado.jou
#-----------------------------------------------------------
start_gui
open_project {D:/Documents/School/CMPE 140/CMPE140Labs/AnkhbayarLab8/Assignment5/Assignment5.xpr}
INFO: [Project 1-313] Project file moved from 'C:/Users/14158/Assignment5' since last save.
CRITICAL WARNING: [Project 1-311] Could not find the file 'D:/Documents/School/CMPE 140/CMPE140Labs/AnkhbayarLab8/Desktop/lab5_processor_design_1/single_cycle_mips_source_initial/datapath/adder.v', nor could it be found using path 'C:/Users/14158/Desktop/lab5_processor_design_1/single_cycle_mips_source_initial/datapath/adder.v'.
CRITICAL WARNING: [Project 1-311] Could not find the file 'D:/Documents/School/CMPE 140/CMPE140Labs/AnkhbayarLab8/Desktop/lab5_processor_design_1/single_cycle_mips_source_initial/datapath/alu.v', nor could it be found using path 'C:/Users/14158/Desktop/lab5_processor_design_1/single_cycle_mips_source_initial/datapath/alu.v'.
CRITICAL WARNING: [Project 1-311] Could not find the file 'D:/Documents/School/CMPE 140/CMPE140Labs/AnkhbayarLab8/Desktop/lab5_processor_design_1/single_cycle_mips_source_initial/control_unit/auxdec.v', nor could it be found using path 'C:/Users/14158/Desktop/lab5_processor_design_1/single_cycle_mips_source_initial/control_unit/auxdec.v'.
CRITICAL WARNING: [Project 1-311] Could not find the file 'D:/Documents/School/CMPE 140/CMPE140Labs/AnkhbayarLab8/Desktop/basys3_single_cycle_mips_validation/button_debouncer.v', nor could it be found using path 'C:/Users/14158/Desktop/basys3_single_cycle_mips_validation/button_debouncer.v'.
CRITICAL WARNING: [Project 1-311] Could not find the file 'D:/Documents/School/CMPE 140/CMPE140Labs/AnkhbayarLab8/Desktop/factorial/check_error.v', nor could it be found using path 'C:/Users/14158/Desktop/factorial/check_error.v'.
CRITICAL WARNING: [Project 1-311] Could not find the file 'D:/Documents/School/CMPE 140/CMPE140Labs/AnkhbayarLab8/Desktop/basys3_single_cycle_mips_validation/clk_gen.v', nor could it be found using path 'C:/Users/14158/Desktop/basys3_single_cycle_mips_validation/clk_gen.v'.
CRITICAL WARNING: [Project 1-311] Could not find the file 'D:/Documents/School/CMPE 140/CMPE140Labs/AnkhbayarLab8/Desktop/factorial/cmp.v', nor could it be found using path 'C:/Users/14158/Desktop/factorial/cmp.v'.
CRITICAL WARNING: [Project 1-311] Could not find the file 'D:/Documents/School/CMPE 140/CMPE140Labs/AnkhbayarLab8/Desktop/factorial/cnt.v', nor could it be found using path 'C:/Users/14158/Desktop/factorial/cnt.v'.
CRITICAL WARNING: [Project 1-311] Could not find the file 'D:/Documents/School/CMPE 140/CMPE140Labs/AnkhbayarLab8/Desktop/lab5_processor_design_1/single_cycle_mips_source_initial/control_unit/controlunit.v', nor could it be found using path 'C:/Users/14158/Desktop/lab5_processor_design_1/single_cycle_mips_source_initial/control_unit/controlunit.v'.
CRITICAL WARNING: [Project 1-311] Could not find the file 'D:/Documents/School/CMPE 140/CMPE140Labs/AnkhbayarLab8/Desktop/lab5_processor_design_1/single_cycle_mips_source_initial/datapath/datapath.v', nor could it be found using path 'C:/Users/14158/Desktop/lab5_processor_design_1/single_cycle_mips_source_initial/datapath/datapath.v'.
CRITICAL WARNING: [Project 1-311] Could not find the file 'D:/Documents/School/CMPE 140/CMPE140Labs/AnkhbayarLab8/Desktop/lab5_processor_design_1/single_cycle_mips_source_initial/memory/dmem.v', nor could it be found using path 'C:/Users/14158/Desktop/lab5_processor_design_1/single_cycle_mips_source_initial/memory/dmem.v'.
CRITICAL WARNING: [Project 1-311] Could not find the file 'D:/Documents/School/CMPE 140/CMPE140Labs/AnkhbayarLab8/Desktop/lab5_processor_design_1/single_cycle_mips_source_initial/datapath/dreg.v', nor could it be found using path 'C:/Users/14158/Desktop/lab5_processor_design_1/single_cycle_mips_source_initial/datapath/dreg.v'.
CRITICAL WARNING: [Project 1-311] Could not find the file 'D:/Documents/School/CMPE 140/CMPE140Labs/AnkhbayarLab8/Desktop/factorial/fact_cu.v', nor could it be found using path 'C:/Users/14158/Desktop/factorial/fact_cu.v'.
CRITICAL WARNING: [Project 1-311] Could not find the file 'D:/Documents/School/CMPE 140/CMPE140Labs/AnkhbayarLab8/Desktop/factorial/fact_datapath.v', nor could it be found using path 'C:/Users/14158/Desktop/factorial/fact_datapath.v'.
CRITICAL WARNING: [Project 1-311] Could not find the file 'D:/Documents/School/CMPE 140/CMPE140Labs/AnkhbayarLab8/Desktop/factorial/factorial.v', nor could it be found using path 'C:/Users/14158/Desktop/factorial/factorial.v'.
CRITICAL WARNING: [Project 1-311] Could not find the file 'D:/Documents/School/CMPE 140/CMPE140Labs/AnkhbayarLab8/Desktop/basys3_single_cycle_mips_validation/hex_to_7seg.v', nor could it be found using path 'C:/Users/14158/Desktop/basys3_single_cycle_mips_validation/hex_to_7seg.v'.
CRITICAL WARNING: [Project 1-311] Could not find the file 'D:/Documents/School/CMPE 140/CMPE140Labs/AnkhbayarLab8/Desktop/lab5_processor_design_1/single_cycle_mips_source_initial/memory/imem.v', nor could it be found using path 'C:/Users/14158/Desktop/lab5_processor_design_1/single_cycle_mips_source_initial/memory/imem.v'.
CRITICAL WARNING: [Project 1-311] Could not find the file 'D:/Documents/School/CMPE 140/CMPE140Labs/AnkhbayarLab8/Desktop/basys3_single_cycle_mips_validation/led_mux.v', nor could it be found using path 'C:/Users/14158/Desktop/basys3_single_cycle_mips_validation/led_mux.v'.
CRITICAL WARNING: [Project 1-311] Could not find the file 'D:/Documents/School/CMPE 140/CMPE140Labs/AnkhbayarLab8/Desktop/lab5_processor_design_1/single_cycle_mips_source_initial/control_unit/maindec.v', nor could it be found using path 'C:/Users/14158/Desktop/lab5_processor_design_1/single_cycle_mips_source_initial/control_unit/maindec.v'.
CRITICAL WARNING: [Project 1-311] Could not find the file 'D:/Documents/School/CMPE 140/CMPE140Labs/AnkhbayarLab8/Desktop/lab5_processor_design_1/single_cycle_mips_source_initial/mips/mips.v', nor could it be found using path 'C:/Users/14158/Desktop/lab5_processor_design_1/single_cycle_mips_source_initial/mips/mips.v'.
CRITICAL WARNING: [Project 1-311] Could not find the file 'D:/Documents/School/CMPE 140/CMPE140Labs/AnkhbayarLab8/Desktop/factorial/mul.v', nor could it be found using path 'C:/Users/14158/Desktop/factorial/mul.v'.
CRITICAL WARNING: [Project 1-311] Could not find the file 'D:/Documents/School/CMPE 140/CMPE140Labs/AnkhbayarLab8/Desktop/factorial/mux1to2.v', nor could it be found using path 'C:/Users/14158/Desktop/factorial/mux1to2.v'.
CRITICAL WARNING: [Project 1-311] Could not find the file 'D:/Documents/School/CMPE 140/CMPE140Labs/AnkhbayarLab8/Desktop/lab5_processor_design_1/single_cycle_mips_source_initial/datapath/mux2.v', nor could it be found using path 'C:/Users/14158/Desktop/lab5_processor_design_1/single_cycle_mips_source_initial/datapath/mux2.v'.
CRITICAL WARNING: [Project 1-311] Could not find the file 'D:/Documents/School/CMPE 140/CMPE140Labs/AnkhbayarLab8/Desktop/factorial/mux2to1.v', nor could it be found using path 'C:/Users/14158/Desktop/factorial/mux2to1.v'.
CRITICAL WARNING: [Project 1-311] Could not find the file 'D:/Documents/School/CMPE 140/CMPE140Labs/AnkhbayarLab8/Desktop/lab5_processor_design_1/single_cycle_mips_source_initial/datapath/regfile.v', nor could it be found using path 'C:/Users/14158/Desktop/lab5_processor_design_1/single_cycle_mips_source_initial/datapath/regfile.v'.
CRITICAL WARNING: [Project 1-311] Could not find the file 'D:/Documents/School/CMPE 140/CMPE140Labs/AnkhbayarLab8/Desktop/factorial/register.v', nor could it be found using path 'C:/Users/14158/Desktop/factorial/register.v'.
CRITICAL WARNING: [Project 1-311] Could not find the file 'D:/Documents/School/CMPE 140/CMPE140Labs/AnkhbayarLab8/Desktop/lab5_processor_design_1/single_cycle_mips_source_initial/datapath/signext.v', nor could it be found using path 'C:/Users/14158/Desktop/lab5_processor_design_1/single_cycle_mips_source_initial/datapath/signext.v'.
CRITICAL WARNING: [Project 1-311] Could not find the file 'D:/Documents/School/CMPE 140/CMPE140Labs/AnkhbayarLab8/Desktop/basys3_single_cycle_mips_validation/mips_fpga.v', nor could it be found using path 'C:/Users/14158/Desktop/basys3_single_cycle_mips_validation/mips_fpga.v'.
CRITICAL WARNING: [Project 1-311] Could not find the file 'D:/Documents/School/CMPE 140/CMPE140Labs/AnkhbayarLab8/Desktop/lab5_processor_design_1/single_cycle_mips_source_initial/mips/mips_top.v', nor could it be found using path 'C:/Users/14158/Desktop/lab5_processor_design_1/single_cycle_mips_source_initial/mips/mips_top.v'.
CRITICAL WARNING: [Project 1-311] Could not find the file 'D:/Documents/School/CMPE 140/CMPE140Labs/AnkhbayarLab8/Desktop/lab5_processor_design_1/single_cycle_mips_source_initial/testbench/tb_mips_top.v', nor could it be found using path 'C:/Users/14158/Desktop/lab5_processor_design_1/single_cycle_mips_source_initial/testbench/tb_mips_top.v'.
CRITICAL WARNING: [Project 1-311] Could not find the file 'D:/Documents/School/CMPE 140/CMPE140Labs/AnkhbayarLab8/Desktop/CMPE 140/memfile.dat', nor could it be found using path 'C:/Users/14158/Desktop/CMPE 140/memfile.dat'.
CRITICAL WARNING: [Project 1-311] Could not find the file 'D:/Documents/School/CMPE 140/CMPE140Labs/AnkhbayarLab8/Desktop/CMPE 140/lab8.dat', nor could it be found using path 'C:/Users/14158/Desktop/CMPE 140/lab8.dat'.
CRITICAL WARNING: [Project 1-311] Could not find the file 'D:/Documents/School/CMPE 140/CMPE140Labs/AnkhbayarLab8/Desktop/basys3_single_cycle_mips_validation/mips_fpga.xdc', nor could it be found using path 'C:/Users/14158/Desktop/basys3_single_cycle_mips_validation/mips_fpga.xdc'.
CRITICAL WARNING: [Project 1-311] Could not find the file 'D:/Documents/School/CMPE 140/CMPE140Labs/AnkhbayarLab8/Assignment5/tb_mips_top_behav.wcfg', nor could it be found using path 'C:/Users/14158/Assignment5/tb_mips_top_behav.wcfg'.
Scanning sources...
Finished scanning sources
INFO: [IP_Flow 19-234] Refreshing IP repositories
INFO: [IP_Flow 19-1704] No user IP repositories specified
INFO: [IP_Flow 19-2313] Loaded Vivado IP repository 'C:/Xilinx/Vivado/2019.1/data/ip'.
update_compile_order -fileset sources_1
import_files -norecurse {{D:/Documents/School/CMPE 140/CMPE140Labs/AnkhbayarLab8/basys3_single_cycle_mips_validation/button_debouncer.v} {D:/Documents/School/CMPE 140/CMPE140Labs/AnkhbayarLab8/basys3_single_cycle_mips_validation/hex_to_7seg.v} {D:/Documents/School/CMPE 140/CMPE140Labs/AnkhbayarLab8/basys3_single_cycle_mips_validation/clk_gen.v} {D:/Documents/School/CMPE 140/CMPE140Labs/AnkhbayarLab8/basys3_single_cycle_mips_validation/led_mux.v} {D:/Documents/School/CMPE 140/CMPE140Labs/AnkhbayarLab8/basys3_single_cycle_mips_validation/mips_fpga.v}}
update_compile_order -fileset sources_1
import_files -norecurse {{D:/Documents/School/CMPE 140/CMPE140Labs/AnkhbayarLab8/lab5_processor_design_1/single_cycle_mips_source_initial/control_unit/maindec.v} {D:/Documents/School/CMPE 140/CMPE140Labs/AnkhbayarLab8/lab5_processor_design_1/single_cycle_mips_source_initial/datapath/signext.v} {D:/Documents/School/CMPE 140/CMPE140Labs/AnkhbayarLab8/lab5_processor_design_1/single_cycle_mips_source_initial/datapath/adder.v} {D:/Documents/School/CMPE 140/CMPE140Labs/AnkhbayarLab8/lab5_processor_design_1/single_cycle_mips_source_initial/datapath/dreg.v} {D:/Documents/School/CMPE 140/CMPE140Labs/AnkhbayarLab8/lab5_processor_design_1/single_cycle_mips_source_initial/memory/dmem.v} {D:/Documents/School/CMPE 140/CMPE140Labs/AnkhbayarLab8/lab5_processor_design_1/single_cycle_mips_source_initial/datapath/mux2.v} {D:/Documents/School/CMPE 140/CMPE140Labs/AnkhbayarLab8/lab5_processor_design_1/single_cycle_mips_source_initial/datapath/alu.v} {D:/Documents/School/CMPE 140/CMPE140Labs/AnkhbayarLab8/lab5_processor_design_1/single_cycle_mips_source_initial/control_unit/auxdec.v} {D:/Documents/School/CMPE 140/CMPE140Labs/AnkhbayarLab8/lab5_processor_design_1/single_cycle_mips_source_initial/memory/imem.v} {D:/Documents/School/CMPE 140/CMPE140Labs/AnkhbayarLab8/lab5_processor_design_1/single_cycle_mips_source_initial/control_unit/controlunit.v} {D:/Documents/School/CMPE 140/CMPE140Labs/AnkhbayarLab8/lab5_processor_design_1/single_cycle_mips_source_initial/mips/mips_top.v} {D:/Documents/School/CMPE 140/CMPE140Labs/AnkhbayarLab8/lab5_processor_design_1/single_cycle_mips_source_initial/datapath/datapath.v} {D:/Documents/School/CMPE 140/CMPE140Labs/AnkhbayarLab8/lab5_processor_design_1/single_cycle_mips_source_initial/datapath/regfile.v} {D:/Documents/School/CMPE 140/CMPE140Labs/AnkhbayarLab8/lab5_processor_design_1/single_cycle_mips_source_initial/mips/mips.v}}
update_compile_order -fileset sources_1
exit
INFO: [Common 17-206] Exiting Vivado at Mon Apr 27 00:03:44 2020...
