INFO: [VRFC 10-2263] Analyzing Verilog file "D:/Documents/School/CMPE 140/Test/CMPE_140/Lab 7/Lab 7.srcs/sources_1/new/Lab_5_Stuff/controlunit.v" into library xil_defaultlib
INFO: [VRFC 10-311] analyzing module controlunit
INFO: [VRFC 10-2263] Analyzing Verilog file "D:/Documents/School/CMPE 140/Test/CMPE_140/Lab 7/Lab 7.srcs/sources_1/new/Lab_5_Stuff/cu_parts.v" into library xil_defaultlib
INFO: [VRFC 10-311] analyzing module maindec
INFO: [VRFC 10-311] analyzing module auxdec
INFO: [VRFC 10-2263] Analyzing Verilog file "D:/Documents/School/CMPE 140/Test/CMPE_140/Lab 7/Lab 7.srcs/sources_1/new/Lab_5_Stuff/datapath.v" into library xil_defaultlib
INFO: [VRFC 10-311] analyzing module datapath
INFO: [VRFC 10-2263] Analyzing Verilog file "D:/Documents/School/CMPE 140/Test/CMPE_140/Lab 7/Lab 7.srcs/sources_1/new/Lab_5_Stuff/dp_parts.v" into library xil_defaultlib
INFO: [VRFC 10-311] analyzing module mux2
INFO: [VRFC 10-311] analyzing module mux4
INFO: [VRFC 10-311] analyzing module dreg2
INFO: [VRFC 10-311] analyzing module mult
INFO: [VRFC 10-311] analyzing module adder
INFO: [VRFC 10-311] analyzing module signext
INFO: [VRFC 10-311] analyzing module alu
INFO: [VRFC 10-311] analyzing module dreg
INFO: [VRFC 10-311] analyzing module regfile
INFO: [VRFC 10-2263] Analyzing Verilog file "D:/Documents/School/CMPE 140/Test/CMPE_140/Lab 7/Lab 7.srcs/sources_1/new/Lab_5_Stuff/mem_parts.v" into library xil_defaultlib
INFO: [VRFC 10-311] analyzing module imem
INFO: [VRFC 10-311] analyzing module dmem
INFO: [VRFC 10-2263] Analyzing Verilog file "D:/Documents/School/CMPE 140/Test/CMPE_140/Lab 7/Lab 7.srcs/sources_1/new/Lab_5_Stuff/mips.v" into library xil_defaultlib
INFO: [VRFC 10-311] analyzing module mips
INFO: [VRFC 10-2263] Analyzing Verilog file "D:/Documents/School/CMPE 140/Test/CMPE_140/Lab 7/Lab 7.srcs/sources_1/new/Lab_5_Stuff/mips_top.v" into library xil_defaultlib
INFO: [VRFC 10-311] analyzing module mips_top
INFO: [VRFC 10-2263] Analyzing Verilog file "D:/Documents/School/CMPE 140/Test/CMPE_140/Lab 7/Lab 7.srcs/sources_1/new/Lab_5_Stuff/tb_mips_top.v" into library xil_defaultlib
INFO: [VRFC 10-311] analyzing module tb_mips_top
WARNING: [VRFC 10-526] concatenation with unsized literal; will interpret as 32 bits [D:/Documents/School/CMPE 140/Test/CMPE_140/Lab 7/Lab 7.srcs/sources_1/new/Lab_5_Stuff/tb_mips_top.v:23]
WARNING: [VRFC 10-526] concatenation with unsized literal; will interpret as 32 bits [D:/Documents/School/CMPE 140/Test/CMPE_140/Lab 7/Lab 7.srcs/sources_1/new/Lab_5_Stuff/tb_mips_top.v:25]
WARNING: [VRFC 10-526] concatenation with unsized literal; will interpret as 32 bits [D:/Documents/School/CMPE 140/Test/CMPE_140/Lab 7/Lab 7.srcs/sources_1/new/Lab_5_Stuff/tb_mips_top.v:27]
WARNING: [VRFC 10-526] concatenation with unsized literal; will interpret as 32 bits [D:/Documents/School/CMPE 140/Test/CMPE_140/Lab 7/Lab 7.srcs/sources_1/new/Lab_5_Stuff/tb_mips_top.v:31]
WARNING: [VRFC 10-526] concatenation with unsized literal; will interpret as 32 bits [D:/Documents/School/CMPE 140/Test/CMPE_140/Lab 7/Lab 7.srcs/sources_1/new/Lab_5_Stuff/tb_mips_top.v:38]
WARNING: [VRFC 10-526] concatenation with unsized literal; will interpret as 32 bits [D:/Documents/School/CMPE 140/Test/CMPE_140/Lab 7/Lab 7.srcs/sources_1/new/Lab_5_Stuff/tb_mips_top.v:43]
WARNING: [VRFC 10-526] concatenation with unsized literal; will interpret as 32 bits [D:/Documents/School/CMPE 140/Test/CMPE_140/Lab 7/Lab 7.srcs/sources_1/new/Lab_5_Stuff/tb_mips_top.v:45]
WARNING: [VRFC 10-526] concatenation with unsized literal; will interpret as 32 bits [D:/Documents/School/CMPE 140/Test/CMPE_140/Lab 7/Lab 7.srcs/sources_1/new/Lab_5_Stuff/tb_mips_top.v:47]
WARNING: [VRFC 10-526] concatenation with unsized literal; will interpret as 32 bits [D:/Documents/School/CMPE 140/Test/CMPE_140/Lab 7/Lab 7.srcs/sources_1/new/Lab_5_Stuff/tb_mips_top.v:49]
WARNING: [VRFC 10-526] concatenation with unsized literal; will interpret as 32 bits [D:/Documents/School/CMPE 140/Test/CMPE_140/Lab 7/Lab 7.srcs/sources_1/new/Lab_5_Stuff/tb_mips_top.v:81]
WARNING: [VRFC 10-526] concatenation with unsized literal; will interpret as 32 bits [D:/Documents/School/CMPE 140/Test/CMPE_140/Lab 7/Lab 7.srcs/sources_1/new/Lab_5_Stuff/tb_mips_top.v:83]
WARNING: [VRFC 10-526] concatenation with unsized literal; will interpret as 32 bits [D:/Documents/School/CMPE 140/Test/CMPE_140/Lab 7/Lab 7.srcs/sources_1/new/Lab_5_Stuff/tb_mips_top.v:85]
WARNING: [VRFC 10-526] concatenation with unsized literal; will interpret as 32 bits [D:/Documents/School/CMPE 140/Test/CMPE_140/Lab 7/Lab 7.srcs/sources_1/new/Lab_5_Stuff/tb_mips_top.v:87]
WARNING: [VRFC 10-526] concatenation with unsized literal; will interpret as 32 bits [D:/Documents/School/CMPE 140/Test/CMPE_140/Lab 7/Lab 7.srcs/sources_1/new/Lab_5_Stuff/tb_mips_top.v:89]
WARNING: [VRFC 10-526] concatenation with unsized literal; will interpret as 32 bits [D:/Documents/School/CMPE 140/Test/CMPE_140/Lab 7/Lab 7.srcs/sources_1/new/Lab_5_Stuff/tb_mips_top.v:91]
WARNING: [VRFC 10-526] concatenation with unsized literal; will interpret as 32 bits [D:/Documents/School/CMPE 140/Test/CMPE_140/Lab 7/Lab 7.srcs/sources_1/new/Lab_5_Stuff/tb_mips_top.v:93]
WARNING: [VRFC 10-526] concatenation with unsized literal; will interpret as 32 bits [D:/Documents/School/CMPE 140/Test/CMPE_140/Lab 7/Lab 7.srcs/sources_1/new/Lab_5_Stuff/tb_mips_top.v:95]
WARNING: [VRFC 10-526] concatenation with unsized literal; will interpret as 32 bits [D:/Documents/School/CMPE 140/Test/CMPE_140/Lab 7/Lab 7.srcs/sources_1/new/Lab_5_Stuff/tb_mips_top.v:97]
WARNING: [VRFC 10-526] concatenation with unsized literal; will interpret as 32 bits [D:/Documents/School/CMPE 140/Test/CMPE_140/Lab 7/Lab 7.srcs/sources_1/new/Lab_5_Stuff/tb_mips_top.v:99]
WARNING: [VRFC 10-526] concatenation with unsized literal; will interpret as 32 bits [D:/Documents/School/CMPE 140/Test/CMPE_140/Lab 7/Lab 7.srcs/sources_1/new/Lab_5_Stuff/tb_mips_top.v:101]
WARNING: [VRFC 10-526] concatenation with unsized literal; will interpret as 32 bits [D:/Documents/School/CMPE 140/Test/CMPE_140/Lab 7/Lab 7.srcs/sources_1/new/Lab_5_Stuff/tb_mips_top.v:103]
