#-----------------------------------------------------------
# Vivado v2019.1 (64-bit)
# SW Build 2552052 on Fri May 24 14:49:42 MDT 2019
# IP Build 2548770 on Fri May 24 18:01:18 MDT 2019
# Start of session at: Tue Apr 28 12:15:11 2020
# Process ID: 121516
# Current directory: D:/Documents/School/CMPE 140/CMPE140Labs/Lab8/Code/Lab_8
# Command line: vivado.exe -gui_launcher_event rodinguilauncherevent117840 D:\Documents\School\CMPE 140\CMPE140Labs\Lab8\Code\Lab_8\Lab_8.xpr
# Log file: D:/Documents/School/CMPE 140/CMPE140Labs/Lab8/Code/Lab_8/vivado.log
# Journal file: D:/Documents/School/CMPE 140/CMPE140Labs/Lab8/Code/Lab_8\vivado.jou
#-----------------------------------------------------------
start_gui
open_project {D:/Documents/School/CMPE 140/CMPE140Labs/Lab8/Code/Lab_8/Lab_8.xpr}
Scanning sources...
Finished scanning sources
INFO: [IP_Flow 19-234] Refreshing IP repositories
INFO: [IP_Flow 19-1704] No user IP repositories specified
INFO: [IP_Flow 19-2313] Loaded Vivado IP repository 'C:/Xilinx/Vivado/2019.1/data/ip'.
update_compile_order -fileset sources_1
export_ip_user_files -of_objects  [get_files {{D:/Documents/School/CMPE 140/CMPE140Labs/Lab8/Code/Lab_8/Lab_8.srcs/sources_1/new/pipeline_control.v}}] -no_script -reset -force -quiet
remove_files  {{D:/Documents/School/CMPE 140/CMPE140Labs/Lab8/Code/Lab_8/Lab_8.srcs/sources_1/new/pipeline_control.v}}
launch_simulation
INFO: [Vivado 12-5682] Launching behavioral simulation in 'D:/Documents/School/CMPE 140/CMPE140Labs/Lab8/Code/Lab_8/Lab_8.sim/sim_1/behav/xsim'
INFO: [SIM-utils-51] Simulation object is 'sim_1'
INFO: [SIM-utils-54] Inspecting design source files for 'tb_mips_top' in fileset 'sim_1'...
INFO: [SIM-utils-43] Exported 'D:/Documents/School/CMPE 140/CMPE140Labs/Lab8/Code/Lab_8/Lab_8.sim/sim_1/behav/xsim/memfile.dat'
INFO: [USF-XSim-97] Finding global include files...
INFO: [USF-XSim-98] Fetching design files from 'sim_1'...
INFO: [USF-XSim-2] XSim::Compile design
INFO: [USF-XSim-61] Executing 'COMPILE and ANALYZE' step in 'D:/Documents/School/CMPE 140/CMPE140Labs/Lab8/Code/Lab_8/Lab_8.sim/sim_1/behav/xsim'
"xvlog --incr --relax -prj tb_mips_top_vlog.prj"
INFO: [VRFC 10-2263] Analyzing Verilog file "D:/Documents/School/CMPE 140/CMPE140Labs/Lab8/Code/Lab_8/Lab_8.srcs/sources_1/imports/Lab_5_Stuff/controlunit.v" into library xil_defaultlib
INFO: [VRFC 10-311] analyzing module controlunit
INFO: [VRFC 10-2263] Analyzing Verilog file "D:/Documents/School/CMPE 140/CMPE140Labs/Lab8/Code/Lab_8/Lab_8.srcs/sources_1/imports/Lab_5_Stuff/cu_parts.v" into library xil_defaultlib
INFO: [VRFC 10-311] analyzing module maindec
INFO: [VRFC 10-311] analyzing module auxdec
INFO: [VRFC 10-2263] Analyzing Verilog file "D:/Documents/School/CMPE 140/CMPE140Labs/Lab8/Code/Lab_8/Lab_8.srcs/sources_1/imports/Lab_5_Stuff/datapath.v" into library xil_defaultlib
INFO: [VRFC 10-311] analyzing module datapath
INFO: [VRFC 10-2263] Analyzing Verilog file "D:/Documents/School/CMPE 140/CMPE140Labs/Lab8/Code/Lab_8/Lab_8.srcs/sources_1/imports/Lab_5_Stuff/dp_parts.v" into library xil_defaultlib
INFO: [VRFC 10-311] analyzing module mux2
INFO: [VRFC 10-311] analyzing module mux4
INFO: [VRFC 10-311] analyzing module dreg2
INFO: [VRFC 10-311] analyzing module mult
INFO: [VRFC 10-311] analyzing module adder
INFO: [VRFC 10-311] analyzing module signext
INFO: [VRFC 10-311] analyzing module alu
INFO: [VRFC 10-311] analyzing module dreg
INFO: [VRFC 10-311] analyzing module regfile
INFO: [VRFC 10-2263] Analyzing Verilog file "D:/Documents/School/CMPE 140/CMPE140Labs/Lab8/Code/Lab_8/Lab_8.srcs/sources_1/imports/Lab_5_Stuff/mem_parts.v" into library xil_defaultlib
INFO: [VRFC 10-311] analyzing module imem
INFO: [VRFC 10-311] analyzing module dmem
INFO: [VRFC 10-2263] Analyzing Verilog file "D:/Documents/School/CMPE 140/CMPE140Labs/Lab8/Code/Lab_8/Lab_8.srcs/sources_1/imports/Lab_5_Stuff/mips.v" into library xil_defaultlib
INFO: [VRFC 10-311] analyzing module mips
INFO: [VRFC 10-2263] Analyzing Verilog file "D:/Documents/School/CMPE 140/CMPE140Labs/Lab8/Code/Lab_8/Lab_8.srcs/sources_1/imports/Lab_5_Stuff/mips_top.v" into library xil_defaultlib
INFO: [VRFC 10-311] analyzing module mips_top
INFO: [VRFC 10-2263] Analyzing Verilog file "D:/Documents/School/CMPE 140/CMPE140Labs/Lab8/Code/Lab_8/Lab_8.srcs/sources_1/new/pipe_reg_parts.v" into library xil_defaultlib
INFO: [VRFC 10-311] analyzing module pipe_reg_D
INFO: [VRFC 10-311] analyzing module pipe_reg_E
INFO: [VRFC 10-311] analyzing module pipe_reg_M
INFO: [VRFC 10-311] analyzing module pipe_reg_W
INFO: [VRFC 10-2263] Analyzing Verilog file "D:/Documents/School/CMPE 140/CMPE140Labs/Lab8/Code/Lab_8/Lab_8.srcs/sim_1/imports/Lab_5_Stuff/tb_mips_top.v" into library xil_defaultlib
INFO: [VRFC 10-311] analyzing module tb_mips_top
INFO: [VRFC 10-2263] Analyzing Verilog file "D:/Documents/School/CMPE 140/CMPE140Labs/Lab8/Code/Lab_8/Lab_8.sim/sim_1/behav/xsim/glbl.v" into library xil_defaultlib
INFO: [VRFC 10-311] analyzing module glbl
INFO: [USF-XSim-69] 'compile' step finished in '1' seconds
INFO: [USF-XSim-3] XSim::Elaborate design
INFO: [USF-XSim-61] Executing 'ELABORATE' step in 'D:/Documents/School/CMPE 140/CMPE140Labs/Lab8/Code/Lab_8/Lab_8.sim/sim_1/behav/xsim'
"xelab -wto 28cfd657fd3b46c69ef4f73ad7b30efd --incr --debug typical --relax --mt 2 -L xil_defaultlib -L unisims_ver -L unimacro_ver -L secureip --snapshot tb_mips_top_behav xil_defaultlib.tb_mips_top xil_defaultlib.glbl -log elaborate.log"
Vivado Simulator 2019.1
Copyright 1986-1999, 2001-2019 Xilinx, Inc. All Rights Reserved.
Running: C:/Xilinx/Vivado/2019.1/bin/unwrapped/win64.o/xelab.exe -wto 28cfd657fd3b46c69ef4f73ad7b30efd --incr --debug typical --relax --mt 2 -L xil_defaultlib -L unisims_ver -L unimacro_ver -L secureip --snapshot tb_mips_top_behav xil_defaultlib.tb_mips_top xil_defaultlib.glbl -log elaborate.log 
Using 2 slave threads.
Starting static elaboration
WARNING: [VRFC 10-3091] actual bit length 32 differs from formal bit length 5 for port 'c' [D:/Documents/School/CMPE 140/CMPE140Labs/Lab8/Code/Lab_8/Lab_8.srcs/sources_1/imports/Lab_5_Stuff/datapath.v:174]
WARNING: [VRFC 10-3091] actual bit length 32 differs from formal bit length 5 for port 'd' [D:/Documents/School/CMPE 140/CMPE140Labs/Lab8/Code/Lab_8/Lab_8.srcs/sources_1/imports/Lab_5_Stuff/datapath.v:175]
Completed static elaboration
Starting simulation data flow analysis
WARNING: [XSIM 43-4099] "D:/Documents/School/CMPE 140/CMPE140Labs/Lab8/Code/Lab_8/Lab_8.srcs/sources_1/imports/Lab_5_Stuff/mips_top.v" Line 1. Module mips_top doesn't have a timescale but at least one module in design has a timescale.
WARNING: [XSIM 43-4099] "D:/Documents/School/CMPE 140/CMPE140Labs/Lab8/Code/Lab_8/Lab_8.srcs/sources_1/imports/Lab_5_Stuff/mips.v" Line 1. Module mips doesn't have a timescale but at least one module in design has a timescale.
WARNING: [XSIM 43-4099] "D:/Documents/School/CMPE 140/CMPE140Labs/Lab8/Code/Lab_8/Lab_8.srcs/sources_1/imports/Lab_5_Stuff/datapath.v" Line 1. Module datapath doesn't have a timescale but at least one module in design has a timescale.
WARNING: [XSIM 43-4099] "D:/Documents/School/CMPE 140/CMPE140Labs/Lab8/Code/Lab_8/Lab_8.srcs/sources_1/imports/Lab_5_Stuff/dp_parts.v" Line 92. Module dreg doesn't have a timescale but at least one module in design has a timescale.
WARNING: [XSIM 43-4099] "D:/Documents/School/CMPE 140/CMPE140Labs/Lab8/Code/Lab_8/Lab_8.srcs/sources_1/imports/Lab_5_Stuff/dp_parts.v" Line 57. Module adder doesn't have a timescale but at least one module in design has a timescale.
WARNING: [XSIM 43-4099] "D:/Documents/School/CMPE 140/CMPE140Labs/Lab8/Code/Lab_8/Lab_8.srcs/sources_1/imports/Lab_5_Stuff/dp_parts.v" Line 57. Module adder doesn't have a timescale but at least one module in design has a timescale.
WARNING: [XSIM 43-4099] "D:/Documents/School/CMPE 140/CMPE140Labs/Lab8/Code/Lab_8/Lab_8.srcs/sources_1/imports/Lab_5_Stuff/dp_parts.v" Line 1. Module mux2(wide=32) doesn't have a timescale but at least one module in design has a timescale.
WARNING: [XSIM 43-4099] "D:/Documents/School/CMPE 140/CMPE140Labs/Lab8/Code/Lab_8/Lab_8.srcs/sources_1/imports/Lab_5_Stuff/dp_parts.v" Line 1. Module mux2(wide=32) doesn't have a timescale but at least one module in design has a timescale.
WARNING: [XSIM 43-4099] "D:/Documents/School/CMPE 140/CMPE140Labs/Lab8/Code/Lab_8/Lab_8.srcs/sources_1/imports/Lab_5_Stuff/dp_parts.v" Line 1. Module mux2(wide=32) doesn't have a timescale but at least one module in design has a timescale.
WARNING: [XSIM 43-4099] "D:/Documents/School/CMPE 140/CMPE140Labs/Lab8/Code/Lab_8/Lab_8.srcs/sources_1/imports/Lab_5_Stuff/dp_parts.v" Line 10. Module mux4(wide=5) doesn't have a timescale but at least one module in design has a timescale.
WARNING: [XSIM 43-4099] "D:/Documents/School/CMPE 140/CMPE140Labs/Lab8/Code/Lab_8/Lab_8.srcs/sources_1/imports/Lab_5_Stuff/dp_parts.v" Line 105. Module regfile doesn't have a timescale but at least one module in design has a timescale.
WARNING: [XSIM 43-4099] "D:/Documents/School/CMPE 140/CMPE140Labs/Lab8/Code/Lab_8/Lab_8.srcs/sources_1/imports/Lab_5_Stuff/dp_parts.v" Line 65. Module signext doesn't have a timescale but at least one module in design has a timescale.
WARNING: [XSIM 43-4099] "D:/Documents/School/CMPE 140/CMPE140Labs/Lab8/Code/Lab_8/Lab_8.srcs/sources_1/imports/Lab_5_Stuff/dp_parts.v" Line 1. Module mux2(wide=32) doesn't have a timescale but at least one module in design has a timescale.
WARNING: [XSIM 43-4099] "D:/Documents/School/CMPE 140/CMPE140Labs/Lab8/Code/Lab_8/Lab_8.srcs/sources_1/imports/Lab_5_Stuff/dp_parts.v" Line 72. Module alu doesn't have a timescale but at least one module in design has a timescale.
WARNING: [XSIM 43-4099] "D:/Documents/School/CMPE 140/CMPE140Labs/Lab8/Code/Lab_8/Lab_8.srcs/sources_1/imports/Lab_5_Stuff/dp_parts.v" Line 1. Module mux2(wide=32) doesn't have a timescale but at least one module in design has a timescale.
WARNING: [XSIM 43-4099] "D:/Documents/School/CMPE 140/CMPE140Labs/Lab8/Code/Lab_8/Lab_8.srcs/sources_1/imports/Lab_5_Stuff/dp_parts.v" Line 49. Module mult doesn't have a timescale but at least one module in design has a timescale.
WARNING: [XSIM 43-4099] "D:/Documents/School/CMPE 140/CMPE140Labs/Lab8/Code/Lab_8/Lab_8.srcs/sources_1/imports/Lab_5_Stuff/dp_parts.v" Line 31. Module dreg2 doesn't have a timescale but at least one module in design has a timescale.
WARNING: [XSIM 43-4099] "D:/Documents/School/CMPE 140/CMPE140Labs/Lab8/Code/Lab_8/Lab_8.srcs/sources_1/imports/Lab_5_Stuff/dp_parts.v" Line 31. Module dreg2 doesn't have a timescale but at least one module in design has a timescale.
WARNING: [XSIM 43-4099] "D:/Documents/School/CMPE 140/CMPE140Labs/Lab8/Code/Lab_8/Lab_8.srcs/sources_1/imports/Lab_5_Stuff/dp_parts.v" Line 10. Module mux4(wide=32) doesn't have a timescale but at least one module in design has a timescale.
WARNING: [XSIM 43-4099] "D:/Documents/School/CMPE 140/CMPE140Labs/Lab8/Code/Lab_8/Lab_8.srcs/sources_1/imports/Lab_5_Stuff/controlunit.v" Line 1. Module controlunit doesn't have a timescale but at least one module in design has a timescale.
WARNING: [XSIM 43-4099] "D:/Documents/School/CMPE 140/CMPE140Labs/Lab8/Code/Lab_8/Lab_8.srcs/sources_1/imports/Lab_5_Stuff/cu_parts.v" Line 1. Module maindec doesn't have a timescale but at least one module in design has a timescale.
WARNING: [XSIM 43-4099] "D:/Documents/School/CMPE 140/CMPE140Labs/Lab8/Code/Lab_8/Lab_8.srcs/sources_1/imports/Lab_5_Stuff/cu_parts.v" Line 29. Module auxdec doesn't have a timescale but at least one module in design has a timescale.
WARNING: [XSIM 43-4099] "D:/Documents/School/CMPE 140/CMPE140Labs/Lab8/Code/Lab_8/Lab_8.srcs/sources_1/imports/Lab_5_Stuff/mem_parts.v" Line 1. Module imem doesn't have a timescale but at least one module in design has a timescale.
WARNING: [XSIM 43-4099] "D:/Documents/School/CMPE 140/CMPE140Labs/Lab8/Code/Lab_8/Lab_8.srcs/sources_1/imports/Lab_5_Stuff/mem_parts.v" Line 12. Module dmem doesn't have a timescale but at least one module in design has a timescale.
Completed simulation data flow analysis
Time Resolution for simulation is 1ps
Compiling module xil_defaultlib.dreg
Compiling module xil_defaultlib.adder
Compiling module xil_defaultlib.mux2(wide=32)
Compiling module xil_defaultlib.pipe_reg_D
Compiling module xil_defaultlib.pipe_reg_E
Compiling module xil_defaultlib.pipe_reg_M
Compiling module xil_defaultlib.pipe_reg_W
Compiling module xil_defaultlib.mux4(wide=5)
Compiling module xil_defaultlib.regfile
Compiling module xil_defaultlib.signext
Compiling module xil_defaultlib.alu
Compiling module xil_defaultlib.mult
Compiling module xil_defaultlib.dreg2
Compiling module xil_defaultlib.mux4(wide=32)
Compiling module xil_defaultlib.datapath
Compiling module xil_defaultlib.maindec
Compiling module xil_defaultlib.auxdec
Compiling module xil_defaultlib.controlunit
Compiling module xil_defaultlib.mips
Compiling module xil_defaultlib.imem
Compiling module xil_defaultlib.dmem
Compiling module xil_defaultlib.mips_top
Compiling module xil_defaultlib.tb_mips_top
Compiling module xil_defaultlib.glbl
Built simulation snapshot tb_mips_top_behav

****** Webtalk v2019.1 (64-bit)
  **** SW Build 2552052 on Fri May 24 14:49:42 MDT 2019
  **** IP Build 2548770 on Fri May 24 18:01:18 MDT 2019
    ** Copyright 1986-2019 Xilinx, Inc. All Rights Reserved.

source D:/Documents/School/CMPE -notrace
invalid command name "%"
    while executing
"% Total    % Received % Xferd  Average Speed   Time    Time     Time  Current"
    (file "D:/Documents/School/CMPE" line 1)
INFO: [Common 17-206] Exiting Webtalk at Tue Apr 28 12:28:58 2020...
INFO: [USF-XSim-69] 'elaborate' step finished in '3' seconds
INFO: [USF-XSim-4] XSim::Simulate design
INFO: [USF-XSim-61] Executing 'SIMULATE' step in 'D:/Documents/School/CMPE 140/CMPE140Labs/Lab8/Code/Lab_8/Lab_8.sim/sim_1/behav/xsim'
INFO: [USF-XSim-98] *** Running xsim
   with args "tb_mips_top_behav -key {Behavioral:sim_1:Functional:tb_mips_top} -tclbatch {tb_mips_top.tcl} -log {simulate.log}"
INFO: [USF-XSim-8] Loading simulator feature
Vivado Simulator 2019.1
Time resolution is 1 ps
source tb_mips_top.tcl
# set curr_wave [current_wave_config]
# if { [string length $curr_wave] == 0 } {
#   if { [llength [get_objects]] > 0} {
#     add_wave /
#     set_property needs_save false [current_wave_config]
#   } else {
#      send_msg_id Add_Wave-1 WARNING "No top level signals found. Simulator will start without a wave window. If you want to open a wave window go to 'File->New Waveform Configuration' or type 'create_wave_config' in the TCL console."
#   }
# }
# run 1000ns
INFO: [USF-XSim-96] XSim completed. Design snapshot 'tb_mips_top_behav' loaded.
INFO: [USF-XSim-97] XSim simulation ran for 1000ns
launch_simulation: Time (s): cpu = 00:00:06 ; elapsed = 00:00:07 . Memory (MB): peak = 934.676 ; gain = 45.293
close_sim
INFO: [Simtcl 6-16] Simulation closed
exit
INFO: [Common 17-206] Exiting Vivado at Tue Apr 28 12:35:24 2020...
