#-----------------------------------------------------------
# Vivado v2019.1 (64-bit)
# SW Build 2552052 on Fri May 24 14:49:42 MDT 2019
# IP Build 2548770 on Fri May 24 18:01:18 MDT 2019
# Start of session at: Mon Apr 13 11:41:51 2020
# Process ID: 15828
# Current directory: D:/Documents/School/CMPE 140/CMPE140Labs/Lab7/Code/140Lab7_Austin
# Command line: vivado.exe -gui_launcher_event rodinguilauncherevent23532 D:\Documents\School\CMPE 140\CMPE140Labs\Lab7\Code\140Lab7_Austin\140Lab7_Austin.xpr
# Log file: D:/Documents/School/CMPE 140/CMPE140Labs/Lab7/Code/140Lab7_Austin/vivado.log
# Journal file: D:/Documents/School/CMPE 140/CMPE140Labs/Lab7/Code/140Lab7_Austin\vivado.jou
#-----------------------------------------------------------
start_gui
open_project {D:/Documents/School/CMPE 140/CMPE140Labs/Lab7/Code/140Lab7_Austin/140Lab7_Austin.xpr}
INFO: [Project 1-313] Project file moved from 'C:/GITS/140Labs/CMPE140Labs/Lab7/Code/140Lab7_Austin' since last save.
Scanning sources...
Finished scanning sources
CRITICAL WARNING: [Project 1-505] Unrecognized Option Name DcpsUptoDate
WARNING: [Project 1-231] Project '140Lab7_Austin.xpr' was created with a future version and may or may not perform reliably with this version of Vivado. It has been opened in read-only mode for the protection of unrecognized data. Use 'File | Save Project As...' if you wish to alter a copy of the project.
INFO: [IP_Flow 19-234] Refreshing IP repositories
INFO: [IP_Flow 19-1704] No user IP repositories specified
INFO: [IP_Flow 19-2313] Loaded Vivado IP repository 'C:/Xilinx/Vivado/2019.1/data/ip'.
update_compile_order -fileset sources_1
save_project_as 140_lab7 {D:/Documents/School/CMPE 140/CMPE140Labs/Lab7/Code/140_lab7} -force
import_files
INFO: [filemgmt 20-334] All file(s) are already imported in fileset: 'constrs_1'
INFO: [filemgmt 20-348] Importing the appropriate files for fileset: 'constrs_1'
INFO: [filemgmt 20-334] All file(s) are already imported in fileset: 'sources_1'
INFO: [filemgmt 20-348] Importing the appropriate files for fileset: 'sources_1'
launch_simulation
INFO: [Vivado 12-5682] Launching behavioral simulation in 'D:/Documents/School/CMPE 140/CMPE140Labs/Lab7/Code/140_lab7/140_lab7.sim/sim_1/behav/xsim'
INFO: [SIM-utils-51] Simulation object is 'sim_1'
INFO: [SIM-utils-54] Inspecting design source files for 'tb_mips_top' in fileset 'sim_1'...
INFO: [SIM-utils-43] Exported 'D:/Documents/School/CMPE 140/CMPE140Labs/Lab7/Code/140_lab7/140_lab7.sim/sim_1/behav/xsim/memfile.dat'
INFO: [USF-XSim-97] Finding global include files...
INFO: [USF-XSim-98] Fetching design files from 'sim_1'...
INFO: [USF-XSim-2] XSim::Compile design
INFO: [USF-XSim-61] Executing 'COMPILE and ANALYZE' step in 'D:/Documents/School/CMPE 140/CMPE140Labs/Lab7/Code/140_lab7/140_lab7.sim/sim_1/behav/xsim'
"xvlog --incr --relax -prj tb_mips_top_vlog.prj"
INFO: [VRFC 10-2263] Analyzing Verilog file "D:/Documents/School/CMPE 140/CMPE140Labs/Lab7/Code/140_lab7/140_lab7.srcs/sources_1/imports/single_cycle_mips_source_initial/datapath/adder.v" into library xil_defaultlib
INFO: [VRFC 10-311] analyzing module adder
INFO: [VRFC 10-2263] Analyzing Verilog file "D:/Documents/School/CMPE 140/CMPE140Labs/Lab7/Code/140_lab7/140_lab7.srcs/sources_1/imports/single_cycle_mips_source_initial/datapath/alu.v" into library xil_defaultlib
INFO: [VRFC 10-311] analyzing module alu
INFO: [VRFC 10-2263] Analyzing Verilog file "D:/Documents/School/CMPE 140/CMPE140Labs/Lab7/Code/140_lab7/140_lab7.srcs/sources_1/imports/single_cycle_mips_source_initial/control_unit/auxdec.v" into library xil_defaultlib
INFO: [VRFC 10-311] analyzing module auxdec
INFO: [VRFC 10-2263] Analyzing Verilog file "D:/Documents/School/CMPE 140/CMPE140Labs/Lab7/Code/140_lab7/140_lab7.srcs/sources_1/imports/single_cycle_mips_source_initial/control_unit/controlunit.v" into library xil_defaultlib
INFO: [VRFC 10-311] analyzing module controlunit
INFO: [VRFC 10-2263] Analyzing Verilog file "D:/Documents/School/CMPE 140/CMPE140Labs/Lab7/Code/140_lab7/140_lab7.srcs/sources_1/imports/single_cycle_mips_source_initial/datapath/datapath.v" into library xil_defaultlib
INFO: [VRFC 10-311] analyzing module datapath
INFO: [VRFC 10-2458] undeclared symbol wd_lowreg, assumed default net type wire [D:/Documents/School/CMPE 140/CMPE140Labs/Lab7/Code/140_lab7/140_lab7.srcs/sources_1/imports/single_cycle_mips_source_initial/datapath/datapath.v:139]
INFO: [VRFC 10-2263] Analyzing Verilog file "D:/Documents/School/CMPE 140/CMPE140Labs/Lab7/Code/140_lab7/140_lab7.srcs/sources_1/imports/single_cycle_mips_source_initial/memory/dmem.v" into library xil_defaultlib
INFO: [VRFC 10-311] analyzing module dmem
INFO: [VRFC 10-2263] Analyzing Verilog file "D:/Documents/School/CMPE 140/CMPE140Labs/Lab7/Code/140_lab7/140_lab7.srcs/sources_1/imports/single_cycle_mips_source_initial/datapath/dreg.v" into library xil_defaultlib
INFO: [VRFC 10-311] analyzing module dreg
INFO: [VRFC 10-2263] Analyzing Verilog file "D:/Documents/School/CMPE 140/CMPE140Labs/Lab7/Code/140_lab7/140_lab7.srcs/sources_1/imports/single_cycle_mips_source_initial/memory/imem.v" into library xil_defaultlib
INFO: [VRFC 10-311] analyzing module imem
INFO: [VRFC 10-2263] Analyzing Verilog file "D:/Documents/School/CMPE 140/CMPE140Labs/Lab7/Code/140_lab7/140_lab7.srcs/sources_1/new/jmux.v" into library xil_defaultlib
INFO: [VRFC 10-311] analyzing module jmux
INFO: [VRFC 10-2263] Analyzing Verilog file "D:/Documents/School/CMPE 140/CMPE140Labs/Lab7/Code/140_lab7/140_lab7.srcs/sources_1/imports/single_cycle_mips_source_initial/control_unit/maindec.v" into library xil_defaultlib
INFO: [VRFC 10-311] analyzing module maindec
INFO: [VRFC 10-2263] Analyzing Verilog file "D:/Documents/School/CMPE 140/CMPE140Labs/Lab7/Code/140_lab7/140_lab7.srcs/sources_1/imports/single_cycle_mips_source_initial/mips/mips.v" into library xil_defaultlib
INFO: [VRFC 10-311] analyzing module mips
INFO: [VRFC 10-2263] Analyzing Verilog file "D:/Documents/School/CMPE 140/CMPE140Labs/Lab7/Code/140_lab7/140_lab7.srcs/sources_1/imports/single_cycle_mips_source_initial/mips/mips_top.v" into library xil_defaultlib
INFO: [VRFC 10-311] analyzing module mips_top
INFO: [VRFC 10-2263] Analyzing Verilog file "D:/Documents/School/CMPE 140/CMPE140Labs/Lab7/Code/140_lab7/140_lab7.srcs/sources_1/new/multu.v" into library xil_defaultlib
INFO: [VRFC 10-311] analyzing module multu
INFO: [VRFC 10-2263] Analyzing Verilog file "D:/Documents/School/CMPE 140/CMPE140Labs/Lab7/Code/140_lab7/140_lab7.srcs/sources_1/imports/single_cycle_mips_source_initial/datapath/mux2.v" into library xil_defaultlib
INFO: [VRFC 10-311] analyzing module mux2
INFO: [VRFC 10-2263] Analyzing Verilog file "D:/Documents/School/CMPE 140/CMPE140Labs/Lab7/Code/140_lab7/140_lab7.srcs/sources_1/imports/single_cycle_mips_source_initial/datapath/regfile.v" into library xil_defaultlib
INFO: [VRFC 10-311] analyzing module regfile
INFO: [VRFC 10-2263] Analyzing Verilog file "D:/Documents/School/CMPE 140/CMPE140Labs/Lab7/Code/140_lab7/140_lab7.srcs/sources_1/new/shifter.v" into library xil_defaultlib
INFO: [VRFC 10-311] analyzing module shifter
INFO: [VRFC 10-2263] Analyzing Verilog file "D:/Documents/School/CMPE 140/CMPE140Labs/Lab7/Code/140_lab7/140_lab7.srcs/sources_1/imports/single_cycle_mips_source_initial/datapath/signext.v" into library xil_defaultlib
INFO: [VRFC 10-311] analyzing module signext
INFO: [VRFC 10-2263] Analyzing Verilog file "D:/Documents/School/CMPE 140/CMPE140Labs/Lab7/Code/140_lab7/140_lab7.srcs/sources_1/new/sp_reg.v" into library xil_defaultlib
INFO: [VRFC 10-311] analyzing module sp_reg
INFO: [VRFC 10-2263] Analyzing Verilog file "D:/Documents/School/CMPE 140/CMPE140Labs/Lab7/Code/140_lab7/140_lab7.srcs/sources_1/imports/single_cycle_mips_source_initial/testbench/tb_mips_top.v" into library xil_defaultlib
INFO: [VRFC 10-311] analyzing module tb_mips_top
INFO: [VRFC 10-2263] Analyzing Verilog file "D:/Documents/School/CMPE 140/CMPE140Labs/Lab7/Code/140_lab7/140_lab7.sim/sim_1/behav/xsim/glbl.v" into library xil_defaultlib
INFO: [VRFC 10-311] analyzing module glbl
INFO: [USF-XSim-69] 'compile' step finished in '1' seconds
INFO: [USF-XSim-3] XSim::Elaborate design
INFO: [USF-XSim-61] Executing 'ELABORATE' step in 'D:/Documents/School/CMPE 140/CMPE140Labs/Lab7/Code/140_lab7/140_lab7.sim/sim_1/behav/xsim'
"xelab -wto 26e67d39cdb546d5badb1615f37cc61d --incr --debug typical --relax --mt 2 -L xil_defaultlib -L unisims_ver -L unimacro_ver -L secureip --snapshot tb_mips_top_behav xil_defaultlib.tb_mips_top xil_defaultlib.glbl -log elaborate.log"
Vivado Simulator 2019.1
Copyright 1986-1999, 2001-2019 Xilinx, Inc. All Rights Reserved.
Running: C:/Xilinx/Vivado/2019.1/bin/unwrapped/win64.o/xelab.exe -wto 26e67d39cdb546d5badb1615f37cc61d --incr --debug typical --relax --mt 2 -L xil_defaultlib -L unisims_ver -L unimacro_ver -L secureip --snapshot tb_mips_top_behav xil_defaultlib.tb_mips_top xil_defaultlib.glbl -log elaborate.log 
Using 2 slave threads.
Starting static elaboration
WARNING: [VRFC 10-3091] actual bit length 1 differs from formal bit length 2 for port 'jump' [D:/Documents/School/CMPE 140/CMPE140Labs/Lab7/Code/140_lab7/140_lab7.srcs/sources_1/imports/single_cycle_mips_source_initial/mips/mips.v:26]
WARNING: [VRFC 10-3091] actual bit length 1 differs from formal bit length 32 for port 'wd' [D:/Documents/School/CMPE 140/CMPE140Labs/Lab7/Code/140_lab7/140_lab7.srcs/sources_1/imports/single_cycle_mips_source_initial/datapath/datapath.v:106]
WARNING: [VRFC 10-3091] actual bit length 1 differs from formal bit length 32 for port 'lowout' [D:/Documents/School/CMPE 140/CMPE140Labs/Lab7/Code/140_lab7/140_lab7.srcs/sources_1/imports/single_cycle_mips_source_initial/datapath/datapath.v:139]
WARNING: [VRFC 10-3091] actual bit length 1 differs from formal bit length 32 for port 'y' [D:/Documents/School/CMPE 140/CMPE140Labs/Lab7/Code/140_lab7/140_lab7.srcs/sources_1/imports/single_cycle_mips_source_initial/datapath/datapath.v:201]
WARNING: [VRFC 10-3091] actual bit length 1 differs from formal bit length 32 for port 'a' [D:/Documents/School/CMPE 140/CMPE140Labs/Lab7/Code/140_lab7/140_lab7.srcs/sources_1/imports/single_cycle_mips_source_initial/datapath/datapath.v:205]
WARNING: [VRFC 10-3091] actual bit length 1 differs from formal bit length 32 for port 'y' [D:/Documents/School/CMPE 140/CMPE140Labs/Lab7/Code/140_lab7/140_lab7.srcs/sources_1/imports/single_cycle_mips_source_initial/datapath/datapath.v:207]
WARNING: [VRFC 10-3091] actual bit length 1 differs from formal bit length 32 for port 'a' [D:/Documents/School/CMPE 140/CMPE140Labs/Lab7/Code/140_lab7/140_lab7.srcs/sources_1/imports/single_cycle_mips_source_initial/datapath/datapath.v:211]
WARNING: [VRFC 10-3091] actual bit length 1 differs from formal bit length 32 for port 'y' [D:/Documents/School/CMPE 140/CMPE140Labs/Lab7/Code/140_lab7/140_lab7.srcs/sources_1/imports/single_cycle_mips_source_initial/datapath/datapath.v:213]
WARNING: [VRFC 10-3091] actual bit length 1 differs from formal bit length 2 for port 'jump' [D:/Documents/School/CMPE 140/CMPE140Labs/Lab7/Code/140_lab7/140_lab7.srcs/sources_1/imports/single_cycle_mips_source_initial/mips/mips.v:45]
WARNING: [VRFC 10-3091] actual bit length 1 differs from formal bit length 32 for port 'd' [D:/Documents/School/CMPE 140/CMPE140Labs/Lab7/Code/140_lab7/140_lab7.srcs/sources_1/imports/single_cycle_mips_source_initial/datapath/datapath.v:164]
Completed static elaboration
Starting simulation data flow analysis
WARNING: [XSIM 43-4099] "D:/Documents/School/CMPE 140/CMPE140Labs/Lab7/Code/140_lab7/140_lab7.srcs/sources_1/imports/single_cycle_mips_source_initial/datapath/datapath.v" Line 1. Module datapath doesn't have a timescale but at least one module in design has a timescale.
WARNING: [XSIM 43-4099] "D:/Documents/School/CMPE 140/CMPE140Labs/Lab7/Code/140_lab7/140_lab7.srcs/sources_1/imports/single_cycle_mips_source_initial/datapath/dreg.v" Line 1. Module dreg doesn't have a timescale but at least one module in design has a timescale.
WARNING: [XSIM 43-4099] "D:/Documents/School/CMPE 140/CMPE140Labs/Lab7/Code/140_lab7/140_lab7.srcs/sources_1/imports/single_cycle_mips_source_initial/datapath/adder.v" Line 1. Module adder doesn't have a timescale but at least one module in design has a timescale.
WARNING: [XSIM 43-4099] "D:/Documents/School/CMPE 140/CMPE140Labs/Lab7/Code/140_lab7/140_lab7.srcs/sources_1/imports/single_cycle_mips_source_initial/datapath/adder.v" Line 1. Module adder doesn't have a timescale but at least one module in design has a timescale.
WARNING: [XSIM 43-4099] "D:/Documents/School/CMPE 140/CMPE140Labs/Lab7/Code/140_lab7/140_lab7.srcs/sources_1/imports/single_cycle_mips_source_initial/datapath/alu.v" Line 1. Module alu doesn't have a timescale but at least one module in design has a timescale.
WARNING: [XSIM 43-4099] "D:/Documents/School/CMPE 140/CMPE140Labs/Lab7/Code/140_lab7/140_lab7.srcs/sources_1/imports/single_cycle_mips_source_initial/control_unit/controlunit.v" Line 1. Module controlunit doesn't have a timescale but at least one module in design has a timescale.
WARNING: [XSIM 43-4099] "D:/Documents/School/CMPE 140/CMPE140Labs/Lab7/Code/140_lab7/140_lab7.srcs/sources_1/imports/single_cycle_mips_source_initial/control_unit/auxdec.v" Line 1. Module auxdec doesn't have a timescale but at least one module in design has a timescale.
WARNING: [XSIM 43-4099] "D:/Documents/School/CMPE 140/CMPE140Labs/Lab7/Code/140_lab7/140_lab7.srcs/sources_1/imports/single_cycle_mips_source_initial/memory/imem.v" Line 1. Module imem doesn't have a timescale but at least one module in design has a timescale.
WARNING: [XSIM 43-4099] "D:/Documents/School/CMPE 140/CMPE140Labs/Lab7/Code/140_lab7/140_lab7.srcs/sources_1/imports/single_cycle_mips_source_initial/memory/dmem.v" Line 1. Module dmem doesn't have a timescale but at least one module in design has a timescale.
Completed simulation data flow analysis
Time Resolution for simulation is 1ps
Compiling module xil_defaultlib.dreg
Compiling module xil_defaultlib.adder
Compiling module xil_defaultlib.mux2(WIDTH=32)
Compiling module xil_defaultlib.jmux(WIDTH=32)
Compiling module xil_defaultlib.mux2(WIDTH=5)
Compiling module xil_defaultlib.regfile
Compiling module xil_defaultlib.signext
Compiling module xil_defaultlib.alu
Compiling module xil_defaultlib.multu
Compiling module xil_defaultlib.shifter
Compiling module xil_defaultlib.sp_reg
Compiling module xil_defaultlib.datapath
Compiling module xil_defaultlib.maindec
Compiling module xil_defaultlib.auxdec
Compiling module xil_defaultlib.controlunit
Compiling module xil_defaultlib.mips
Compiling module xil_defaultlib.imem
Compiling module xil_defaultlib.dmem
Compiling module xil_defaultlib.mips_top
Compiling module xil_defaultlib.tb_mips_top
Compiling module xil_defaultlib.glbl
Built simulation snapshot tb_mips_top_behav

****** Webtalk v2019.1 (64-bit)
  **** SW Build 2552052 on Fri May 24 14:49:42 MDT 2019
  **** IP Build 2548770 on Fri May 24 18:01:18 MDT 2019
    ** Copyright 1986-2019 Xilinx, Inc. All Rights Reserved.

source D:/Documents/School/CMPE -notrace
invalid command name "core"
    while executing
"core"
    invoked from within
"[core]"
    (file "D:/Documents/School/CMPE" line 2)
INFO: [Common 17-206] Exiting Webtalk at Mon Apr 13 12:10:45 2020...
INFO: [USF-XSim-69] 'elaborate' step finished in '2' seconds
INFO: [USF-XSim-4] XSim::Simulate design
INFO: [USF-XSim-61] Executing 'SIMULATE' step in 'D:/Documents/School/CMPE 140/CMPE140Labs/Lab7/Code/140_lab7/140_lab7.sim/sim_1/behav/xsim'
INFO: [USF-XSim-98] *** Running xsim
   with args "tb_mips_top_behav -key {Behavioral:sim_1:Functional:tb_mips_top} -tclbatch {tb_mips_top.tcl} -log {simulate.log}"
INFO: [USF-XSim-8] Loading simulator feature
Vivado Simulator 2019.1
Time resolution is 1 ps
source tb_mips_top.tcl
# set curr_wave [current_wave_config]
# if { [string length $curr_wave] == 0 } {
#   if { [llength [get_objects]] > 0} {
#     add_wave /
#     set_property needs_save false [current_wave_config]
#   } else {
#      send_msg_id Add_Wave-1 WARNING "No top level signals found. Simulator will start without a wave window. If you want to open a wave window go to 'File->New Waveform Configuration' or type 'create_wave_config' in the TCL console."
#   }
# }
# run 1000ns
$finish called at time : 20 ns : File "D:/Documents/School/CMPE 140/CMPE140Labs/Lab7/Code/140_lab7/140_lab7.srcs/sources_1/imports/single_cycle_mips_source_initial/testbench/tb_mips_top.v" Line 44
INFO: [USF-XSim-96] XSim completed. Design snapshot 'tb_mips_top_behav' loaded.
INFO: [USF-XSim-97] XSim simulation ran for 1000ns
launch_simulation: Time (s): cpu = 00:00:08 ; elapsed = 00:00:07 . Memory (MB): peak = 1093.094 ; gain = 0.000
close_sim
INFO: [Simtcl 6-16] Simulation closed
exit
INFO: [Common 17-206] Exiting Vivado at Mon Apr 13 12:11:33 2020...
